The system is: Linux - 5.13.0-30-generic - x86_64
Compiling the C compiler identification source file "CMakeCCompilerId.c" succeeded.
Compiler: /usr/bin/cc 
Build flags: 
Id flags:  

The output was:
0


Compilation of the C compiler identification source "CMakeCCompilerId.c" produced "a.out"

The C compiler identification is GNU, found in "/home/robinhan/repo/Hetero-Mark-dpct-dpcpp/src/common/build/CMakeFiles/3.19.6/CompilerIdC/a.out"

Compiling the CXX compiler identification source file "CMakeCXXCompilerId.cpp" succeeded.
Compiler: /usr/bin/c++ 
Build flags: 
Id flags:  

The output was:
0


Compilation of the CXX compiler identification source "CMakeCXXCompilerId.cpp" produced "a.out"

The CXX compiler identification is GNU, found in "/home/robinhan/repo/Hetero-Mark-dpct-dpcpp/src/common/build/CMakeFiles/3.19.6/CompilerIdCXX/a.out"

Detecting C compiler ABI info compiled with the following output:
Change Dir: /home/robinhan/repo/Hetero-Mark-dpct-dpcpp/src/common/build/CMakeFiles/CMakeTmp

Run Build Command(s):/usr/bin/make cmTC_989e7/fast && /usr/bin/make  -f CMakeFiles/cmTC_989e7.dir/build.make CMakeFiles/cmTC_989e7.dir/build
make[1]: Entering directory '/home/robinhan/repo/Hetero-Mark-dpct-dpcpp/src/common/build/CMakeFiles/CMakeTmp'
Building C object CMakeFiles/cmTC_989e7.dir/CMakeCCompilerABI.c.o
/usr/bin/cc   -v -o CMakeFiles/cmTC_989e7.dir/CMakeCCompilerABI.c.o -c /home/robinhan/miniconda3/share/cmake-3.19/Modules/CMakeCCompilerABI.c
Using built-in specs.
COLLECT_GCC=/usr/bin/cc
OFFLOAD_TARGET_NAMES=nvptx-none
OFFLOAD_TARGET_DEFAULT=1
Target: x86_64-linux-gnu
Configured with: ../src/configure -v --with-pkgversion='Ubuntu 7.5.0-6ubuntu2' --with-bugurl=file:///usr/share/doc/gcc-7/README.Bugs --enable-languages=c,ada,c++,go,brig,d,fortran,objc,obj-c++ --prefix=/usr --with-gcc-major-version-only --program-suffix=-7 --program-prefix=x86_64-linux-gnu- --enable-shared --enable-linker-build-id --libexecdir=/usr/lib --without-included-gettext --enable-threads=posix --libdir=/usr/lib --enable-nls --enable-bootstrap --enable-clocale=gnu --enable-libstdcxx-debug --enable-libstdcxx-time=yes --with-default-libstdcxx-abi=new --enable-gnu-unique-object --disable-vtable-verify --enable-libmpx --enable-plugin --enable-default-pie --with-system-zlib --with-target-system-zlib --enable-objc-gc=auto --enable-multiarch --disable-werror --with-arch-32=i686 --with-abi=m64 --with-multilib-list=m32,m64,mx32 --enable-multilib --with-tune=generic --enable-offload-targets=nvptx-none --without-cuda-driver --enable-checking=release --build=x86_64-linux-gnu --host=x86_64-linux-gnu --target=x86_64-linux-gnu
Thread model: posix
gcc version 7.5.0 (Ubuntu 7.5.0-6ubuntu2) 
COLLECT_GCC_OPTIONS='-v' '-o' 'CMakeFiles/cmTC_989e7.dir/CMakeCCompilerABI.c.o' '-c' '-mtune=generic' '-march=x86-64'
 /usr/lib/gcc/x86_64-linux-gnu/7/cc1 -quiet -v -imultiarch x86_64-linux-gnu /home/robinhan/miniconda3/share/cmake-3.19/Modules/CMakeCCompilerABI.c -quiet -dumpbase CMakeCCompilerABI.c -mtune=generic -march=x86-64 -auxbase-strip CMakeFiles/cmTC_989e7.dir/CMakeCCompilerABI.c.o -version -fstack-protector-strong -Wformat -Wformat-security -o /tmp/cckNhx0y.s
GNU C11 (Ubuntu 7.5.0-6ubuntu2) version 7.5.0 (x86_64-linux-gnu)
	compiled by GNU C version 7.5.0, GMP version 6.2.0, MPFR version 4.0.2, MPC version 1.1.0, isl version isl-0.22.1-GMP

GGC heuristics: --param ggc-min-expand=100 --param ggc-min-heapsize=131072
ignoring nonexistent directory "/usr/local/include/x86_64-linux-gnu"
ignoring nonexistent directory "/usr/lib/gcc/x86_64-linux-gnu/7/include-fixed"
ignoring nonexistent directory "/usr/lib/gcc/x86_64-linux-gnu/7/../../../../x86_64-linux-gnu/include"
ignoring duplicate directory "/opt/intel/oneapi/ipp/2021.5.2/include"
#include "..." search starts here:
#include <...> search starts here:
 /opt/intel/oneapi/vpl/2022.0.0/include
 /opt/intel/oneapi/tbb/2021.5.1/env/../include
 /opt/intel/oneapi/mpi/2021.5.1//include
 /opt/intel/oneapi/mkl/2022.0.2/include
 /opt/intel/oneapi/ipp/2021.5.2/include
 /opt/intel/oneapi/ippcp/2021.5.1/include
 /opt/intel/oneapi/dpl/2021.6.0/linux/include
 /opt/intel/oneapi/dpcpp-ct/2022.0.0/include
 /opt/intel/oneapi/dnnl/2022.0.2/cpu_dpcpp_gpu_dpcpp/lib
 /opt/intel/oneapi/dev-utilities/2021.5.2/include
 /opt/intel/oneapi/dal/2021.5.3/include
 /opt/intel/oneapi/ccl/2021.5.1/include/cpu_gpu_dpcpp
 /usr/lib/gcc/x86_64-linux-gnu/7/include
 /usr/local/include
 /usr/include/x86_64-linux-gnu
 /usr/include
End of search list.
GNU C11 (Ubuntu 7.5.0-6ubuntu2) version 7.5.0 (x86_64-linux-gnu)
	compiled by GNU C version 7.5.0, GMP version 6.2.0, MPFR version 4.0.2, MPC version 1.1.0, isl version isl-0.22.1-GMP

GGC heuristics: --param ggc-min-expand=100 --param ggc-min-heapsize=131072
Compiler executable checksum: 21180b46086dedfd78d30fca0620e7d0
COLLECT_GCC_OPTIONS='-v' '-o' 'CMakeFiles/cmTC_989e7.dir/CMakeCCompilerABI.c.o' '-c' '-mtune=generic' '-march=x86-64'
 as -v --64 -o CMakeFiles/cmTC_989e7.dir/CMakeCCompilerABI.c.o /tmp/cckNhx0y.s
GNU assembler version 2.34 (x86_64-linux-gnu) using BFD version (GNU Binutils for Ubuntu) 2.34
COMPILER_PATH=/usr/lib/gcc/x86_64-linux-gnu/7/:/usr/lib/gcc/x86_64-linux-gnu/7/:/usr/lib/gcc/x86_64-linux-gnu/:/usr/lib/gcc/x86_64-linux-gnu/7/:/usr/lib/gcc/x86_64-linux-gnu/
LIBRARY_PATH=/opt/intel/oneapi/vpl/2022.0.0/lib/../lib/:/opt/intel/oneapi/mpi/2021.5.1//libfabric/lib/../lib/:/opt/intel/oneapi/mpi/2021.5.1//lib/../lib/:/opt/intel/oneapi/dnnl/2022.0.2/cpu_dpcpp_gpu_dpcpp/lib/../lib/:/opt/intel/oneapi/compiler/2022.0.2/linux/lib/../lib/:/usr/lib/gcc/x86_64-linux-gnu/7/:/usr/lib/gcc/x86_64-linux-gnu/7/../../../x86_64-linux-gnu/:/usr/lib/gcc/x86_64-linux-gnu/7/../../../../lib/:/lib/x86_64-linux-gnu/:/lib/../lib/:/usr/lib/x86_64-linux-gnu/:/usr/lib/../lib/:/opt/intel/oneapi/vpl/2022.0.0/lib/:/opt/intel/oneapi/tbb/2021.5.1/env/../lib/intel64/gcc4.8/:/opt/intel/oneapi/mpi/2021.5.1//libfabric/lib/:/opt/intel/oneapi/mpi/2021.5.1//lib/release/:/opt/intel/oneapi/mpi/2021.5.1//lib/:/opt/intel/oneapi/mkl/2022.0.2/lib/intel64/:/opt/intel/oneapi/ipp/2021.5.2/lib/intel64/:/opt/intel/oneapi/ippcp/2021.5.1/lib/intel64/:/opt/intel/oneapi/ipp/2021.5.2/lib/intel64/:/opt/intel/oneapi/dnnl/2022.0.2/cpu_dpcpp_gpu_dpcpp/lib/:/opt/intel/oneapi/dal/2021.5.3/lib/intel64/:/opt/intel/oneapi/compiler/2022.0.2/linux/compiler/lib/intel64_lin/:/opt/intel/oneapi/compiler/2022.0.2/linux/lib/:/opt/intel/oneapi/ccl/2021.5.1/lib/cpu_gpu_dpcpp/:/usr/lib/gcc/x86_64-linux-gnu/7/../../../:/lib/:/usr/lib/
COLLECT_GCC_OPTIONS='-v' '-o' 'CMakeFiles/cmTC_989e7.dir/CMakeCCompilerABI.c.o' '-c' '-mtune=generic' '-march=x86-64'
Linking C executable cmTC_989e7
/home/robinhan/miniconda3/bin/cmake -E cmake_link_script CMakeFiles/cmTC_989e7.dir/link.txt --verbose=1
/usr/bin/cc  -v -rdynamic CMakeFiles/cmTC_989e7.dir/CMakeCCompilerABI.c.o -o cmTC_989e7 
Using built-in specs.
COLLECT_GCC=/usr/bin/cc
COLLECT_LTO_WRAPPER=/usr/lib/gcc/x86_64-linux-gnu/7/lto-wrapper
OFFLOAD_TARGET_NAMES=nvptx-none
OFFLOAD_TARGET_DEFAULT=1
Target: x86_64-linux-gnu
Configured with: ../src/configure -v --with-pkgversion='Ubuntu 7.5.0-6ubuntu2' --with-bugurl=file:///usr/share/doc/gcc-7/README.Bugs --enable-languages=c,ada,c++,go,brig,d,fortran,objc,obj-c++ --prefix=/usr --with-gcc-major-version-only --program-suffix=-7 --program-prefix=x86_64-linux-gnu- --enable-shared --enable-linker-build-id --libexecdir=/usr/lib --without-included-gettext --enable-threads=posix --libdir=/usr/lib --enable-nls --enable-bootstrap --enable-clocale=gnu --enable-libstdcxx-debug --enable-libstdcxx-time=yes --with-default-libstdcxx-abi=new --enable-gnu-unique-object --disable-vtable-verify --enable-libmpx --enable-plugin --enable-default-pie --with-system-zlib --with-target-system-zlib --enable-objc-gc=auto --enable-multiarch --disable-werror --with-arch-32=i686 --with-abi=m64 --with-multilib-list=m32,m64,mx32 --enable-multilib --with-tune=generic --enable-offload-targets=nvptx-none --without-cuda-driver --enable-checking=release --build=x86_64-linux-gnu --host=x86_64-linux-gnu --target=x86_64-linux-gnu
Thread model: posix
gcc version 7.5.0 (Ubuntu 7.5.0-6ubuntu2) 
COMPILER_PATH=/usr/lib/gcc/x86_64-linux-gnu/7/:/usr/lib/gcc/x86_64-linux-gnu/7/:/usr/lib/gcc/x86_64-linux-gnu/:/usr/lib/gcc/x86_64-linux-gnu/7/:/usr/lib/gcc/x86_64-linux-gnu/
LIBRARY_PATH=/opt/intel/oneapi/vpl/2022.0.0/lib/../lib/:/opt/intel/oneapi/mpi/2021.5.1//libfabric/lib/../lib/:/opt/intel/oneapi/mpi/2021.5.1//lib/../lib/:/opt/intel/oneapi/dnnl/2022.0.2/cpu_dpcpp_gpu_dpcpp/lib/../lib/:/opt/intel/oneapi/compiler/2022.0.2/linux/lib/../lib/:/usr/lib/gcc/x86_64-linux-gnu/7/:/usr/lib/gcc/x86_64-linux-gnu/7/../../../x86_64-linux-gnu/:/usr/lib/gcc/x86_64-linux-gnu/7/../../../../lib/:/lib/x86_64-linux-gnu/:/lib/../lib/:/usr/lib/x86_64-linux-gnu/:/usr/lib/../lib/:/opt/intel/oneapi/vpl/2022.0.0/lib/:/opt/intel/oneapi/tbb/2021.5.1/env/../lib/intel64/gcc4.8/:/opt/intel/oneapi/mpi/2021.5.1//libfabric/lib/:/opt/intel/oneapi/mpi/2021.5.1//lib/release/:/opt/intel/oneapi/mpi/2021.5.1//lib/:/opt/intel/oneapi/mkl/2022.0.2/lib/intel64/:/opt/intel/oneapi/ipp/2021.5.2/lib/intel64/:/opt/intel/oneapi/ippcp/2021.5.1/lib/intel64/:/opt/intel/oneapi/ipp/2021.5.2/lib/intel64/:/opt/intel/oneapi/dnnl/2022.0.2/cpu_dpcpp_gpu_dpcpp/lib/:/opt/intel/oneapi/dal/2021.5.3/lib/intel64/:/opt/intel/oneapi/compiler/2022.0.2/linux/compiler/lib/intel64_lin/:/opt/intel/oneapi/compiler/2022.0.2/linux/lib/:/opt/intel/oneapi/ccl/2021.5.1/lib/cpu_gpu_dpcpp/:/usr/lib/gcc/x86_64-linux-gnu/7/../../../:/lib/:/usr/lib/
COLLECT_GCC_OPTIONS='-v' '-rdynamic' '-o' 'cmTC_989e7' '-mtune=generic' '-march=x86-64'
 /usr/lib/gcc/x86_64-linux-gnu/7/collect2 -plugin /usr/lib/gcc/x86_64-linux-gnu/7/liblto_plugin.so -plugin-opt=/usr/lib/gcc/x86_64-linux-gnu/7/lto-wrapper -plugin-opt=-fresolution=/tmp/ccuD0p00.res -plugin-opt=-pass-through=-lgcc -plugin-opt=-pass-through=-lgcc_s -plugin-opt=-pass-through=-lc -plugin-opt=-pass-through=-lgcc -plugin-opt=-pass-through=-lgcc_s --build-id --eh-frame-hdr -m elf_x86_64 --hash-style=gnu --as-needed -export-dynamic -dynamic-linker /lib64/ld-linux-x86-64.so.2 -pie -z now -z relro -o cmTC_989e7 /usr/lib/gcc/x86_64-linux-gnu/7/../../../x86_64-linux-gnu/Scrt1.o /usr/lib/gcc/x86_64-linux-gnu/7/../../../x86_64-linux-gnu/crti.o /usr/lib/gcc/x86_64-linux-gnu/7/crtbeginS.o -L/opt/intel/oneapi/vpl/2022.0.0/lib/../lib -L/opt/intel/oneapi/mpi/2021.5.1//libfabric/lib/../lib -L/opt/intel/oneapi/mpi/2021.5.1//lib/../lib -L/opt/intel/oneapi/dnnl/2022.0.2/cpu_dpcpp_gpu_dpcpp/lib/../lib -L/opt/intel/oneapi/compiler/2022.0.2/linux/lib/../lib -L/usr/lib/gcc/x86_64-linux-gnu/7 -L/usr/lib/gcc/x86_64-linux-gnu/7/../../../x86_64-linux-gnu -L/usr/lib/gcc/x86_64-linux-gnu/7/../../../../lib -L/lib/x86_64-linux-gnu -L/lib/../lib -L/usr/lib/x86_64-linux-gnu -L/usr/lib/../lib -L/opt/intel/oneapi/vpl/2022.0.0/lib -L/opt/intel/oneapi/tbb/2021.5.1/env/../lib/intel64/gcc4.8 -L/opt/intel/oneapi/mpi/2021.5.1//libfabric/lib -L/opt/intel/oneapi/mpi/2021.5.1//lib/release -L/opt/intel/oneapi/mpi/2021.5.1//lib -L/opt/intel/oneapi/mkl/2022.0.2/lib/intel64 -L/opt/intel/oneapi/ipp/2021.5.2/lib/intel64 -L/opt/intel/oneapi/ippcp/2021.5.1/lib/intel64 -L/opt/intel/oneapi/ipp/2021.5.2/lib/intel64 -L/opt/intel/oneapi/dnnl/2022.0.2/cpu_dpcpp_gpu_dpcpp/lib -L/opt/intel/oneapi/dal/2021.5.3/lib/intel64 -L/opt/intel/oneapi/compiler/2022.0.2/linux/compiler/lib/intel64_lin -L/opt/intel/oneapi/compiler/2022.0.2/linux/lib -L/opt/intel/oneapi/ccl/2021.5.1/lib/cpu_gpu_dpcpp -L/usr/lib/gcc/x86_64-linux-gnu/7/../../.. CMakeFiles/cmTC_989e7.dir/CMakeCCompilerABI.c.o -lgcc --push-state --as-needed -lgcc_s --pop-state -lc -lgcc --push-state --as-needed -lgcc_s --pop-state /usr/lib/gcc/x86_64-linux-gnu/7/crtendS.o /usr/lib/gcc/x86_64-linux-gnu/7/../../../x86_64-linux-gnu/crtn.o
COLLECT_GCC_OPTIONS='-v' '-rdynamic' '-o' 'cmTC_989e7' '-mtune=generic' '-march=x86-64'
make[1]: Leaving directory '/home/robinhan/repo/Hetero-Mark-dpct-dpcpp/src/common/build/CMakeFiles/CMakeTmp'



Parsed C implicit include dir info from above output: rv=done
  found start of include info
  found start of implicit include info
    add: [/opt/intel/oneapi/vpl/2022.0.0/include]
    add: [/opt/intel/oneapi/tbb/2021.5.1/env/../include]
    add: [/opt/intel/oneapi/mpi/2021.5.1//include]
    add: [/opt/intel/oneapi/mkl/2022.0.2/include]
    add: [/opt/intel/oneapi/ipp/2021.5.2/include]
    add: [/opt/intel/oneapi/ippcp/2021.5.1/include]
    add: [/opt/intel/oneapi/dpl/2021.6.0/linux/include]
    add: [/opt/intel/oneapi/dpcpp-ct/2022.0.0/include]
    add: [/opt/intel/oneapi/dnnl/2022.0.2/cpu_dpcpp_gpu_dpcpp/lib]
    add: [/opt/intel/oneapi/dev-utilities/2021.5.2/include]
    add: [/opt/intel/oneapi/dal/2021.5.3/include]
    add: [/opt/intel/oneapi/ccl/2021.5.1/include/cpu_gpu_dpcpp]
    add: [/usr/lib/gcc/x86_64-linux-gnu/7/include]
    add: [/usr/local/include]
    add: [/usr/include/x86_64-linux-gnu]
    add: [/usr/include]
  end of search list found
  collapse include dir [/opt/intel/oneapi/vpl/2022.0.0/include] ==> [/opt/intel/oneapi/vpl/2022.0.0/include]
  collapse include dir [/opt/intel/oneapi/tbb/2021.5.1/env/../include] ==> [/opt/intel/oneapi/tbb/2021.5.1/include]
  collapse include dir [/opt/intel/oneapi/mpi/2021.5.1//include] ==> [/opt/intel/oneapi/mpi/2021.5.1/include]
  collapse include dir [/opt/intel/oneapi/mkl/2022.0.2/include] ==> [/opt/intel/oneapi/mkl/2022.0.2/include]
  collapse include dir [/opt/intel/oneapi/ipp/2021.5.2/include] ==> [/opt/intel/oneapi/ipp/2021.5.2/include]
  collapse include dir [/opt/intel/oneapi/ippcp/2021.5.1/include] ==> [/opt/intel/oneapi/ippcp/2021.5.1/include]
  collapse include dir [/opt/intel/oneapi/dpl/2021.6.0/linux/include] ==> [/opt/intel/oneapi/dpl/2021.6.0/linux/include]
  collapse include dir [/opt/intel/oneapi/dpcpp-ct/2022.0.0/include] ==> [/opt/intel/oneapi/dpcpp-ct/2022.0.0/include]
  collapse include dir [/opt/intel/oneapi/dnnl/2022.0.2/cpu_dpcpp_gpu_dpcpp/lib] ==> [/opt/intel/oneapi/dnnl/2022.0.2/cpu_dpcpp_gpu_dpcpp/lib]
  collapse include dir [/opt/intel/oneapi/dev-utilities/2021.5.2/include] ==> [/opt/intel/oneapi/dev-utilities/2021.5.2/include]
  collapse include dir [/opt/intel/oneapi/dal/2021.5.3/include] ==> [/opt/intel/oneapi/dal/2021.5.3/include]
  collapse include dir [/opt/intel/oneapi/ccl/2021.5.1/include/cpu_gpu_dpcpp] ==> [/opt/intel/oneapi/ccl/2021.5.1/include/cpu_gpu_dpcpp]
  collapse include dir [/usr/lib/gcc/x86_64-linux-gnu/7/include] ==> [/usr/lib/gcc/x86_64-linux-gnu/7/include]
  collapse include dir [/usr/local/include] ==> [/usr/local/include]
  collapse include dir [/usr/include/x86_64-linux-gnu] ==> [/usr/include/x86_64-linux-gnu]
  collapse include dir [/usr/include] ==> [/usr/include]
  implicit include dirs: [/opt/intel/oneapi/vpl/2022.0.0/include;/opt/intel/oneapi/tbb/2021.5.1/include;/opt/intel/oneapi/mpi/2021.5.1/include;/opt/intel/oneapi/mkl/2022.0.2/include;/opt/intel/oneapi/ipp/2021.5.2/include;/opt/intel/oneapi/ippcp/2021.5.1/include;/opt/intel/oneapi/dpl/2021.6.0/linux/include;/opt/intel/oneapi/dpcpp-ct/2022.0.0/include;/opt/intel/oneapi/dnnl/2022.0.2/cpu_dpcpp_gpu_dpcpp/lib;/opt/intel/oneapi/dev-utilities/2021.5.2/include;/opt/intel/oneapi/dal/2021.5.3/include;/opt/intel/oneapi/ccl/2021.5.1/include/cpu_gpu_dpcpp;/usr/lib/gcc/x86_64-linux-gnu/7/include;/usr/local/include;/usr/include/x86_64-linux-gnu;/usr/include]


Parsed C implicit link information from above output:
  link line regex: [^( *|.*[/\])(ld|CMAKE_LINK_STARTFILE-NOTFOUND|([^/\]+-)?ld|collect2)[^/\]*( |$)]
  ignore line: [Change Dir: /home/robinhan/repo/Hetero-Mark-dpct-dpcpp/src/common/build/CMakeFiles/CMakeTmp]
  ignore line: []
  ignore line: [Run Build Command(s):/usr/bin/make cmTC_989e7/fast && /usr/bin/make  -f CMakeFiles/cmTC_989e7.dir/build.make CMakeFiles/cmTC_989e7.dir/build]
  ignore line: [make[1]: Entering directory '/home/robinhan/repo/Hetero-Mark-dpct-dpcpp/src/common/build/CMakeFiles/CMakeTmp']
  ignore line: [Building C object CMakeFiles/cmTC_989e7.dir/CMakeCCompilerABI.c.o]
  ignore line: [/usr/bin/cc   -v -o CMakeFiles/cmTC_989e7.dir/CMakeCCompilerABI.c.o -c /home/robinhan/miniconda3/share/cmake-3.19/Modules/CMakeCCompilerABI.c]
  ignore line: [Using built-in specs.]
  ignore line: [COLLECT_GCC=/usr/bin/cc]
  ignore line: [OFFLOAD_TARGET_NAMES=nvptx-none]
  ignore line: [OFFLOAD_TARGET_DEFAULT=1]
  ignore line: [Target: x86_64-linux-gnu]
  ignore line: [Configured with: ../src/configure -v --with-pkgversion='Ubuntu 7.5.0-6ubuntu2' --with-bugurl=file:///usr/share/doc/gcc-7/README.Bugs --enable-languages=c ada c++ go brig d fortran objc obj-c++ --prefix=/usr --with-gcc-major-version-only --program-suffix=-7 --program-prefix=x86_64-linux-gnu- --enable-shared --enable-linker-build-id --libexecdir=/usr/lib --without-included-gettext --enable-threads=posix --libdir=/usr/lib --enable-nls --enable-bootstrap --enable-clocale=gnu --enable-libstdcxx-debug --enable-libstdcxx-time=yes --with-default-libstdcxx-abi=new --enable-gnu-unique-object --disable-vtable-verify --enable-libmpx --enable-plugin --enable-default-pie --with-system-zlib --with-target-system-zlib --enable-objc-gc=auto --enable-multiarch --disable-werror --with-arch-32=i686 --with-abi=m64 --with-multilib-list=m32 m64 mx32 --enable-multilib --with-tune=generic --enable-offload-targets=nvptx-none --without-cuda-driver --enable-checking=release --build=x86_64-linux-gnu --host=x86_64-linux-gnu --target=x86_64-linux-gnu]
  ignore line: [Thread model: posix]
  ignore line: [gcc version 7.5.0 (Ubuntu 7.5.0-6ubuntu2) ]
  ignore line: [COLLECT_GCC_OPTIONS='-v' '-o' 'CMakeFiles/cmTC_989e7.dir/CMakeCCompilerABI.c.o' '-c' '-mtune=generic' '-march=x86-64']
  ignore line: [ /usr/lib/gcc/x86_64-linux-gnu/7/cc1 -quiet -v -imultiarch x86_64-linux-gnu /home/robinhan/miniconda3/share/cmake-3.19/Modules/CMakeCCompilerABI.c -quiet -dumpbase CMakeCCompilerABI.c -mtune=generic -march=x86-64 -auxbase-strip CMakeFiles/cmTC_989e7.dir/CMakeCCompilerABI.c.o -version -fstack-protector-strong -Wformat -Wformat-security -o /tmp/cckNhx0y.s]
  ignore line: [GNU C11 (Ubuntu 7.5.0-6ubuntu2) version 7.5.0 (x86_64-linux-gnu)]
  ignore line: [	compiled by GNU C version 7.5.0  GMP version 6.2.0  MPFR version 4.0.2  MPC version 1.1.0  isl version isl-0.22.1-GMP]
  ignore line: []
  ignore line: [GGC heuristics: --param ggc-min-expand=100 --param ggc-min-heapsize=131072]
  ignore line: [ignoring nonexistent directory "/usr/local/include/x86_64-linux-gnu"]
  ignore line: [ignoring nonexistent directory "/usr/lib/gcc/x86_64-linux-gnu/7/include-fixed"]
  ignore line: [ignoring nonexistent directory "/usr/lib/gcc/x86_64-linux-gnu/7/../../../../x86_64-linux-gnu/include"]
  ignore line: [ignoring duplicate directory "/opt/intel/oneapi/ipp/2021.5.2/include"]
  ignore line: [#include "..." search starts here:]
  ignore line: [#include <...> search starts here:]
  ignore line: [ /opt/intel/oneapi/vpl/2022.0.0/include]
  ignore line: [ /opt/intel/oneapi/tbb/2021.5.1/env/../include]
  ignore line: [ /opt/intel/oneapi/mpi/2021.5.1//include]
  ignore line: [ /opt/intel/oneapi/mkl/2022.0.2/include]
  ignore line: [ /opt/intel/oneapi/ipp/2021.5.2/include]
  ignore line: [ /opt/intel/oneapi/ippcp/2021.5.1/include]
  ignore line: [ /opt/intel/oneapi/dpl/2021.6.0/linux/include]
  ignore line: [ /opt/intel/oneapi/dpcpp-ct/2022.0.0/include]
  ignore line: [ /opt/intel/oneapi/dnnl/2022.0.2/cpu_dpcpp_gpu_dpcpp/lib]
  ignore line: [ /opt/intel/oneapi/dev-utilities/2021.5.2/include]
  ignore line: [ /opt/intel/oneapi/dal/2021.5.3/include]
  ignore line: [ /opt/intel/oneapi/ccl/2021.5.1/include/cpu_gpu_dpcpp]
  ignore line: [ /usr/lib/gcc/x86_64-linux-gnu/7/include]
  ignore line: [ /usr/local/include]
  ignore line: [ /usr/include/x86_64-linux-gnu]
  ignore line: [ /usr/include]
  ignore line: [End of search list.]
  ignore line: [GNU C11 (Ubuntu 7.5.0-6ubuntu2) version 7.5.0 (x86_64-linux-gnu)]
  ignore line: [	compiled by GNU C version 7.5.0  GMP version 6.2.0  MPFR version 4.0.2  MPC version 1.1.0  isl version isl-0.22.1-GMP]
  ignore line: []
  ignore line: [GGC heuristics: --param ggc-min-expand=100 --param ggc-min-heapsize=131072]
  ignore line: [Compiler executable checksum: 21180b46086dedfd78d30fca0620e7d0]
  ignore line: [COLLECT_GCC_OPTIONS='-v' '-o' 'CMakeFiles/cmTC_989e7.dir/CMakeCCompilerABI.c.o' '-c' '-mtune=generic' '-march=x86-64']
  ignore line: [ as -v --64 -o CMakeFiles/cmTC_989e7.dir/CMakeCCompilerABI.c.o /tmp/cckNhx0y.s]
  ignore line: [GNU assembler version 2.34 (x86_64-linux-gnu) using BFD version (GNU Binutils for Ubuntu) 2.34]
  ignore line: [COMPILER_PATH=/usr/lib/gcc/x86_64-linux-gnu/7/:/usr/lib/gcc/x86_64-linux-gnu/7/:/usr/lib/gcc/x86_64-linux-gnu/:/usr/lib/gcc/x86_64-linux-gnu/7/:/usr/lib/gcc/x86_64-linux-gnu/]
  ignore line: [LIBRARY_PATH=/opt/intel/oneapi/vpl/2022.0.0/lib/../lib/:/opt/intel/oneapi/mpi/2021.5.1//libfabric/lib/../lib/:/opt/intel/oneapi/mpi/2021.5.1//lib/../lib/:/opt/intel/oneapi/dnnl/2022.0.2/cpu_dpcpp_gpu_dpcpp/lib/../lib/:/opt/intel/oneapi/compiler/2022.0.2/linux/lib/../lib/:/usr/lib/gcc/x86_64-linux-gnu/7/:/usr/lib/gcc/x86_64-linux-gnu/7/../../../x86_64-linux-gnu/:/usr/lib/gcc/x86_64-linux-gnu/7/../../../../lib/:/lib/x86_64-linux-gnu/:/lib/../lib/:/usr/lib/x86_64-linux-gnu/:/usr/lib/../lib/:/opt/intel/oneapi/vpl/2022.0.0/lib/:/opt/intel/oneapi/tbb/2021.5.1/env/../lib/intel64/gcc4.8/:/opt/intel/oneapi/mpi/2021.5.1//libfabric/lib/:/opt/intel/oneapi/mpi/2021.5.1//lib/release/:/opt/intel/oneapi/mpi/2021.5.1//lib/:/opt/intel/oneapi/mkl/2022.0.2/lib/intel64/:/opt/intel/oneapi/ipp/2021.5.2/lib/intel64/:/opt/intel/oneapi/ippcp/2021.5.1/lib/intel64/:/opt/intel/oneapi/ipp/2021.5.2/lib/intel64/:/opt/intel/oneapi/dnnl/2022.0.2/cpu_dpcpp_gpu_dpcpp/lib/:/opt/intel/oneapi/dal/2021.5.3/lib/intel64/:/opt/intel/oneapi/compiler/2022.0.2/linux/compiler/lib/intel64_lin/:/opt/intel/oneapi/compiler/2022.0.2/linux/lib/:/opt/intel/oneapi/ccl/2021.5.1/lib/cpu_gpu_dpcpp/:/usr/lib/gcc/x86_64-linux-gnu/7/../../../:/lib/:/usr/lib/]
  ignore line: [COLLECT_GCC_OPTIONS='-v' '-o' 'CMakeFiles/cmTC_989e7.dir/CMakeCCompilerABI.c.o' '-c' '-mtune=generic' '-march=x86-64']
  ignore line: [Linking C executable cmTC_989e7]
  ignore line: [/home/robinhan/miniconda3/bin/cmake -E cmake_link_script CMakeFiles/cmTC_989e7.dir/link.txt --verbose=1]
  ignore line: [/usr/bin/cc  -v -rdynamic CMakeFiles/cmTC_989e7.dir/CMakeCCompilerABI.c.o -o cmTC_989e7 ]
  ignore line: [Using built-in specs.]
  ignore line: [COLLECT_GCC=/usr/bin/cc]
  ignore line: [COLLECT_LTO_WRAPPER=/usr/lib/gcc/x86_64-linux-gnu/7/lto-wrapper]
  ignore line: [OFFLOAD_TARGET_NAMES=nvptx-none]
  ignore line: [OFFLOAD_TARGET_DEFAULT=1]
  ignore line: [Target: x86_64-linux-gnu]
  ignore line: [Configured with: ../src/configure -v --with-pkgversion='Ubuntu 7.5.0-6ubuntu2' --with-bugurl=file:///usr/share/doc/gcc-7/README.Bugs --enable-languages=c ada c++ go brig d fortran objc obj-c++ --prefix=/usr --with-gcc-major-version-only --program-suffix=-7 --program-prefix=x86_64-linux-gnu- --enable-shared --enable-linker-build-id --libexecdir=/usr/lib --without-included-gettext --enable-threads=posix --libdir=/usr/lib --enable-nls --enable-bootstrap --enable-clocale=gnu --enable-libstdcxx-debug --enable-libstdcxx-time=yes --with-default-libstdcxx-abi=new --enable-gnu-unique-object --disable-vtable-verify --enable-libmpx --enable-plugin --enable-default-pie --with-system-zlib --with-target-system-zlib --enable-objc-gc=auto --enable-multiarch --disable-werror --with-arch-32=i686 --with-abi=m64 --with-multilib-list=m32 m64 mx32 --enable-multilib --with-tune=generic --enable-offload-targets=nvptx-none --without-cuda-driver --enable-checking=release --build=x86_64-linux-gnu --host=x86_64-linux-gnu --target=x86_64-linux-gnu]
  ignore line: [Thread model: posix]
  ignore line: [gcc version 7.5.0 (Ubuntu 7.5.0-6ubuntu2) ]
  ignore line: [COMPILER_PATH=/usr/lib/gcc/x86_64-linux-gnu/7/:/usr/lib/gcc/x86_64-linux-gnu/7/:/usr/lib/gcc/x86_64-linux-gnu/:/usr/lib/gcc/x86_64-linux-gnu/7/:/usr/lib/gcc/x86_64-linux-gnu/]
  ignore line: [LIBRARY_PATH=/opt/intel/oneapi/vpl/2022.0.0/lib/../lib/:/opt/intel/oneapi/mpi/2021.5.1//libfabric/lib/../lib/:/opt/intel/oneapi/mpi/2021.5.1//lib/../lib/:/opt/intel/oneapi/dnnl/2022.0.2/cpu_dpcpp_gpu_dpcpp/lib/../lib/:/opt/intel/oneapi/compiler/2022.0.2/linux/lib/../lib/:/usr/lib/gcc/x86_64-linux-gnu/7/:/usr/lib/gcc/x86_64-linux-gnu/7/../../../x86_64-linux-gnu/:/usr/lib/gcc/x86_64-linux-gnu/7/../../../../lib/:/lib/x86_64-linux-gnu/:/lib/../lib/:/usr/lib/x86_64-linux-gnu/:/usr/lib/../lib/:/opt/intel/oneapi/vpl/2022.0.0/lib/:/opt/intel/oneapi/tbb/2021.5.1/env/../lib/intel64/gcc4.8/:/opt/intel/oneapi/mpi/2021.5.1//libfabric/lib/:/opt/intel/oneapi/mpi/2021.5.1//lib/release/:/opt/intel/oneapi/mpi/2021.5.1//lib/:/opt/intel/oneapi/mkl/2022.0.2/lib/intel64/:/opt/intel/oneapi/ipp/2021.5.2/lib/intel64/:/opt/intel/oneapi/ippcp/2021.5.1/lib/intel64/:/opt/intel/oneapi/ipp/2021.5.2/lib/intel64/:/opt/intel/oneapi/dnnl/2022.0.2/cpu_dpcpp_gpu_dpcpp/lib/:/opt/intel/oneapi/dal/2021.5.3/lib/intel64/:/opt/intel/oneapi/compiler/2022.0.2/linux/compiler/lib/intel64_lin/:/opt/intel/oneapi/compiler/2022.0.2/linux/lib/:/opt/intel/oneapi/ccl/2021.5.1/lib/cpu_gpu_dpcpp/:/usr/lib/gcc/x86_64-linux-gnu/7/../../../:/lib/:/usr/lib/]
  ignore line: [COLLECT_GCC_OPTIONS='-v' '-rdynamic' '-o' 'cmTC_989e7' '-mtune=generic' '-march=x86-64']
  link line: [ /usr/lib/gcc/x86_64-linux-gnu/7/collect2 -plugin /usr/lib/gcc/x86_64-linux-gnu/7/liblto_plugin.so -plugin-opt=/usr/lib/gcc/x86_64-linux-gnu/7/lto-wrapper -plugin-opt=-fresolution=/tmp/ccuD0p00.res -plugin-opt=-pass-through=-lgcc -plugin-opt=-pass-through=-lgcc_s -plugin-opt=-pass-through=-lc -plugin-opt=-pass-through=-lgcc -plugin-opt=-pass-through=-lgcc_s --build-id --eh-frame-hdr -m elf_x86_64 --hash-style=gnu --as-needed -export-dynamic -dynamic-linker /lib64/ld-linux-x86-64.so.2 -pie -z now -z relro -o cmTC_989e7 /usr/lib/gcc/x86_64-linux-gnu/7/../../../x86_64-linux-gnu/Scrt1.o /usr/lib/gcc/x86_64-linux-gnu/7/../../../x86_64-linux-gnu/crti.o /usr/lib/gcc/x86_64-linux-gnu/7/crtbeginS.o -L/opt/intel/oneapi/vpl/2022.0.0/lib/../lib -L/opt/intel/oneapi/mpi/2021.5.1//libfabric/lib/../lib -L/opt/intel/oneapi/mpi/2021.5.1//lib/../lib -L/opt/intel/oneapi/dnnl/2022.0.2/cpu_dpcpp_gpu_dpcpp/lib/../lib -L/opt/intel/oneapi/compiler/2022.0.2/linux/lib/../lib -L/usr/lib/gcc/x86_64-linux-gnu/7 -L/usr/lib/gcc/x86_64-linux-gnu/7/../../../x86_64-linux-gnu -L/usr/lib/gcc/x86_64-linux-gnu/7/../../../../lib -L/lib/x86_64-linux-gnu -L/lib/../lib -L/usr/lib/x86_64-linux-gnu -L/usr/lib/../lib -L/opt/intel/oneapi/vpl/2022.0.0/lib -L/opt/intel/oneapi/tbb/2021.5.1/env/../lib/intel64/gcc4.8 -L/opt/intel/oneapi/mpi/2021.5.1//libfabric/lib -L/opt/intel/oneapi/mpi/2021.5.1//lib/release -L/opt/intel/oneapi/mpi/2021.5.1//lib -L/opt/intel/oneapi/mkl/2022.0.2/lib/intel64 -L/opt/intel/oneapi/ipp/2021.5.2/lib/intel64 -L/opt/intel/oneapi/ippcp/2021.5.1/lib/intel64 -L/opt/intel/oneapi/ipp/2021.5.2/lib/intel64 -L/opt/intel/oneapi/dnnl/2022.0.2/cpu_dpcpp_gpu_dpcpp/lib -L/opt/intel/oneapi/dal/2021.5.3/lib/intel64 -L/opt/intel/oneapi/compiler/2022.0.2/linux/compiler/lib/intel64_lin -L/opt/intel/oneapi/compiler/2022.0.2/linux/lib -L/opt/intel/oneapi/ccl/2021.5.1/lib/cpu_gpu_dpcpp -L/usr/lib/gcc/x86_64-linux-gnu/7/../../.. CMakeFiles/cmTC_989e7.dir/CMakeCCompilerABI.c.o -lgcc --push-state --as-needed -lgcc_s --pop-state -lc -lgcc --push-state --as-needed -lgcc_s --pop-state /usr/lib/gcc/x86_64-linux-gnu/7/crtendS.o /usr/lib/gcc/x86_64-linux-gnu/7/../../../x86_64-linux-gnu/crtn.o]
    arg [/usr/lib/gcc/x86_64-linux-gnu/7/collect2] ==> ignore
    arg [-plugin] ==> ignore
    arg [/usr/lib/gcc/x86_64-linux-gnu/7/liblto_plugin.so] ==> ignore
    arg [-plugin-opt=/usr/lib/gcc/x86_64-linux-gnu/7/lto-wrapper] ==> ignore
    arg [-plugin-opt=-fresolution=/tmp/ccuD0p00.res] ==> ignore
    arg [-plugin-opt=-pass-through=-lgcc] ==> ignore
    arg [-plugin-opt=-pass-through=-lgcc_s] ==> ignore
    arg [-plugin-opt=-pass-through=-lc] ==> ignore
    arg [-plugin-opt=-pass-through=-lgcc] ==> ignore
    arg [-plugin-opt=-pass-through=-lgcc_s] ==> ignore
    arg [--build-id] ==> ignore
    arg [--eh-frame-hdr] ==> ignore
    arg [-m] ==> ignore
    arg [elf_x86_64] ==> ignore
    arg [--hash-style=gnu] ==> ignore
    arg [--as-needed] ==> ignore
    arg [-export-dynamic] ==> ignore
    arg [-dynamic-linker] ==> ignore
    arg [/lib64/ld-linux-x86-64.so.2] ==> ignore
    arg [-pie] ==> ignore
    arg [-znow] ==> ignore
    arg [-zrelro] ==> ignore
    arg [-o] ==> ignore
    arg [cmTC_989e7] ==> ignore
    arg [/usr/lib/gcc/x86_64-linux-gnu/7/../../../x86_64-linux-gnu/Scrt1.o] ==> ignore
    arg [/usr/lib/gcc/x86_64-linux-gnu/7/../../../x86_64-linux-gnu/crti.o] ==> ignore
    arg [/usr/lib/gcc/x86_64-linux-gnu/7/crtbeginS.o] ==> ignore
    arg [-L/opt/intel/oneapi/vpl/2022.0.0/lib/../lib] ==> dir [/opt/intel/oneapi/vpl/2022.0.0/lib/../lib]
    arg [-L/opt/intel/oneapi/mpi/2021.5.1//libfabric/lib/../lib] ==> dir [/opt/intel/oneapi/mpi/2021.5.1//libfabric/lib/../lib]
    arg [-L/opt/intel/oneapi/mpi/2021.5.1//lib/../lib] ==> dir [/opt/intel/oneapi/mpi/2021.5.1//lib/../lib]
    arg [-L/opt/intel/oneapi/dnnl/2022.0.2/cpu_dpcpp_gpu_dpcpp/lib/../lib] ==> dir [/opt/intel/oneapi/dnnl/2022.0.2/cpu_dpcpp_gpu_dpcpp/lib/../lib]
    arg [-L/opt/intel/oneapi/compiler/2022.0.2/linux/lib/../lib] ==> dir [/opt/intel/oneapi/compiler/2022.0.2/linux/lib/../lib]
    arg [-L/usr/lib/gcc/x86_64-linux-gnu/7] ==> dir [/usr/lib/gcc/x86_64-linux-gnu/7]
    arg [-L/usr/lib/gcc/x86_64-linux-gnu/7/../../../x86_64-linux-gnu] ==> dir [/usr/lib/gcc/x86_64-linux-gnu/7/../../../x86_64-linux-gnu]
    arg [-L/usr/lib/gcc/x86_64-linux-gnu/7/../../../../lib] ==> dir [/usr/lib/gcc/x86_64-linux-gnu/7/../../../../lib]
    arg [-L/lib/x86_64-linux-gnu] ==> dir [/lib/x86_64-linux-gnu]
    arg [-L/lib/../lib] ==> dir [/lib/../lib]
    arg [-L/usr/lib/x86_64-linux-gnu] ==> dir [/usr/lib/x86_64-linux-gnu]
    arg [-L/usr/lib/../lib] ==> dir [/usr/lib/../lib]
    arg [-L/opt/intel/oneapi/vpl/2022.0.0/lib] ==> dir [/opt/intel/oneapi/vpl/2022.0.0/lib]
    arg [-L/opt/intel/oneapi/tbb/2021.5.1/env/../lib/intel64/gcc4.8] ==> dir [/opt/intel/oneapi/tbb/2021.5.1/env/../lib/intel64/gcc4.8]
    arg [-L/opt/intel/oneapi/mpi/2021.5.1//libfabric/lib] ==> dir [/opt/intel/oneapi/mpi/2021.5.1//libfabric/lib]
    arg [-L/opt/intel/oneapi/mpi/2021.5.1//lib/release] ==> dir [/opt/intel/oneapi/mpi/2021.5.1//lib/release]
    arg [-L/opt/intel/oneapi/mpi/2021.5.1//lib] ==> dir [/opt/intel/oneapi/mpi/2021.5.1//lib]
    arg [-L/opt/intel/oneapi/mkl/2022.0.2/lib/intel64] ==> dir [/opt/intel/oneapi/mkl/2022.0.2/lib/intel64]
    arg [-L/opt/intel/oneapi/ipp/2021.5.2/lib/intel64] ==> dir [/opt/intel/oneapi/ipp/2021.5.2/lib/intel64]
    arg [-L/opt/intel/oneapi/ippcp/2021.5.1/lib/intel64] ==> dir [/opt/intel/oneapi/ippcp/2021.5.1/lib/intel64]
    arg [-L/opt/intel/oneapi/ipp/2021.5.2/lib/intel64] ==> dir [/opt/intel/oneapi/ipp/2021.5.2/lib/intel64]
    arg [-L/opt/intel/oneapi/dnnl/2022.0.2/cpu_dpcpp_gpu_dpcpp/lib] ==> dir [/opt/intel/oneapi/dnnl/2022.0.2/cpu_dpcpp_gpu_dpcpp/lib]
    arg [-L/opt/intel/oneapi/dal/2021.5.3/lib/intel64] ==> dir [/opt/intel/oneapi/dal/2021.5.3/lib/intel64]
    arg [-L/opt/intel/oneapi/compiler/2022.0.2/linux/compiler/lib/intel64_lin] ==> dir [/opt/intel/oneapi/compiler/2022.0.2/linux/compiler/lib/intel64_lin]
    arg [-L/opt/intel/oneapi/compiler/2022.0.2/linux/lib] ==> dir [/opt/intel/oneapi/compiler/2022.0.2/linux/lib]
    arg [-L/opt/intel/oneapi/ccl/2021.5.1/lib/cpu_gpu_dpcpp] ==> dir [/opt/intel/oneapi/ccl/2021.5.1/lib/cpu_gpu_dpcpp]
    arg [-L/usr/lib/gcc/x86_64-linux-gnu/7/../../..] ==> dir [/usr/lib/gcc/x86_64-linux-gnu/7/../../..]
    arg [CMakeFiles/cmTC_989e7.dir/CMakeCCompilerABI.c.o] ==> ignore
    arg [-lgcc] ==> lib [gcc]
    arg [--push-state] ==> ignore
    arg [--as-needed] ==> ignore
    arg [-lgcc_s] ==> lib [gcc_s]
    arg [--pop-state] ==> ignore
    arg [-lc] ==> lib [c]
    arg [-lgcc] ==> lib [gcc]
    arg [--push-state] ==> ignore
    arg [--as-needed] ==> ignore
    arg [-lgcc_s] ==> lib [gcc_s]
    arg [--pop-state] ==> ignore
    arg [/usr/lib/gcc/x86_64-linux-gnu/7/crtendS.o] ==> ignore
    arg [/usr/lib/gcc/x86_64-linux-gnu/7/../../../x86_64-linux-gnu/crtn.o] ==> ignore
  collapse library dir [/opt/intel/oneapi/vpl/2022.0.0/lib/../lib] ==> [/opt/intel/oneapi/vpl/2022.0.0/lib]
  collapse library dir [/opt/intel/oneapi/mpi/2021.5.1//libfabric/lib/../lib] ==> [/opt/intel/oneapi/mpi/2021.5.1/libfabric/lib]
  collapse library dir [/opt/intel/oneapi/mpi/2021.5.1//lib/../lib] ==> [/opt/intel/oneapi/mpi/2021.5.1/lib]
  collapse library dir [/opt/intel/oneapi/dnnl/2022.0.2/cpu_dpcpp_gpu_dpcpp/lib/../lib] ==> [/opt/intel/oneapi/dnnl/2022.0.2/cpu_dpcpp_gpu_dpcpp/lib]
  collapse library dir [/opt/intel/oneapi/compiler/2022.0.2/linux/lib/../lib] ==> [/opt/intel/oneapi/compiler/2022.0.2/linux/lib]
  collapse library dir [/usr/lib/gcc/x86_64-linux-gnu/7] ==> [/usr/lib/gcc/x86_64-linux-gnu/7]
  collapse library dir [/usr/lib/gcc/x86_64-linux-gnu/7/../../../x86_64-linux-gnu] ==> [/usr/lib/x86_64-linux-gnu]
  collapse library dir [/usr/lib/gcc/x86_64-linux-gnu/7/../../../../lib] ==> [/usr/lib]
  collapse library dir [/lib/x86_64-linux-gnu] ==> [/lib/x86_64-linux-gnu]
  collapse library dir [/lib/../lib] ==> [/lib]
  collapse library dir [/usr/lib/x86_64-linux-gnu] ==> [/usr/lib/x86_64-linux-gnu]
  collapse library dir [/usr/lib/../lib] ==> [/usr/lib]
  collapse library dir [/opt/intel/oneapi/vpl/2022.0.0/lib] ==> [/opt/intel/oneapi/vpl/2022.0.0/lib]
  collapse library dir [/opt/intel/oneapi/tbb/2021.5.1/env/../lib/intel64/gcc4.8] ==> [/opt/intel/oneapi/tbb/2021.5.1/lib/intel64/gcc4.8]
  collapse library dir [/opt/intel/oneapi/mpi/2021.5.1//libfabric/lib] ==> [/opt/intel/oneapi/mpi/2021.5.1/libfabric/lib]
  collapse library dir [/opt/intel/oneapi/mpi/2021.5.1//lib/release] ==> [/opt/intel/oneapi/mpi/2021.5.1/lib/release]
  collapse library dir [/opt/intel/oneapi/mpi/2021.5.1//lib] ==> [/opt/intel/oneapi/mpi/2021.5.1/lib]
  collapse library dir [/opt/intel/oneapi/mkl/2022.0.2/lib/intel64] ==> [/opt/intel/oneapi/mkl/2022.0.2/lib/intel64]
  collapse library dir [/opt/intel/oneapi/ipp/2021.5.2/lib/intel64] ==> [/opt/intel/oneapi/ipp/2021.5.2/lib/intel64]
  collapse library dir [/opt/intel/oneapi/ippcp/2021.5.1/lib/intel64] ==> [/opt/intel/oneapi/ippcp/2021.5.1/lib/intel64]
  collapse library dir [/opt/intel/oneapi/ipp/2021.5.2/lib/intel64] ==> [/opt/intel/oneapi/ipp/2021.5.2/lib/intel64]
  collapse library dir [/opt/intel/oneapi/dnnl/2022.0.2/cpu_dpcpp_gpu_dpcpp/lib] ==> [/opt/intel/oneapi/dnnl/2022.0.2/cpu_dpcpp_gpu_dpcpp/lib]
  collapse library dir [/opt/intel/oneapi/dal/2021.5.3/lib/intel64] ==> [/opt/intel/oneapi/dal/2021.5.3/lib/intel64]
  collapse library dir [/opt/intel/oneapi/compiler/2022.0.2/linux/compiler/lib/intel64_lin] ==> [/opt/intel/oneapi/compiler/2022.0.2/linux/compiler/lib/intel64_lin]
  collapse library dir [/opt/intel/oneapi/compiler/2022.0.2/linux/lib] ==> [/opt/intel/oneapi/compiler/2022.0.2/linux/lib]
  collapse library dir [/opt/intel/oneapi/ccl/2021.5.1/lib/cpu_gpu_dpcpp] ==> [/opt/intel/oneapi/ccl/2021.5.1/lib/cpu_gpu_dpcpp]
  collapse library dir [/usr/lib/gcc/x86_64-linux-gnu/7/../../..] ==> [/usr/lib]
  implicit libs: [gcc;gcc_s;c;gcc;gcc_s]
  implicit dirs: [/opt/intel/oneapi/vpl/2022.0.0/lib;/opt/intel/oneapi/mpi/2021.5.1/libfabric/lib;/opt/intel/oneapi/mpi/2021.5.1/lib;/opt/intel/oneapi/dnnl/2022.0.2/cpu_dpcpp_gpu_dpcpp/lib;/opt/intel/oneapi/compiler/2022.0.2/linux/lib;/usr/lib/gcc/x86_64-linux-gnu/7;/usr/lib/x86_64-linux-gnu;/usr/lib;/lib/x86_64-linux-gnu;/lib;/opt/intel/oneapi/tbb/2021.5.1/lib/intel64/gcc4.8;/opt/intel/oneapi/mpi/2021.5.1/lib/release;/opt/intel/oneapi/mkl/2022.0.2/lib/intel64;/opt/intel/oneapi/ipp/2021.5.2/lib/intel64;/opt/intel/oneapi/ippcp/2021.5.1/lib/intel64;/opt/intel/oneapi/dal/2021.5.3/lib/intel64;/opt/intel/oneapi/compiler/2022.0.2/linux/compiler/lib/intel64_lin;/opt/intel/oneapi/ccl/2021.5.1/lib/cpu_gpu_dpcpp]
  implicit fwks: []


Detecting CXX compiler ABI info compiled with the following output:
Change Dir: /home/robinhan/repo/Hetero-Mark-dpct-dpcpp/src/common/build/CMakeFiles/CMakeTmp

Run Build Command(s):/usr/bin/make cmTC_623b8/fast && /usr/bin/make  -f CMakeFiles/cmTC_623b8.dir/build.make CMakeFiles/cmTC_623b8.dir/build
make[1]: Entering directory '/home/robinhan/repo/Hetero-Mark-dpct-dpcpp/src/common/build/CMakeFiles/CMakeTmp'
Building CXX object CMakeFiles/cmTC_623b8.dir/CMakeCXXCompilerABI.cpp.o
/usr/bin/c++   -v -o CMakeFiles/cmTC_623b8.dir/CMakeCXXCompilerABI.cpp.o -c /home/robinhan/miniconda3/share/cmake-3.19/Modules/CMakeCXXCompilerABI.cpp
Using built-in specs.
COLLECT_GCC=/usr/bin/c++
OFFLOAD_TARGET_NAMES=nvptx-none
OFFLOAD_TARGET_DEFAULT=1
Target: x86_64-linux-gnu
Configured with: ../src/configure -v --with-pkgversion='Ubuntu 7.5.0-6ubuntu2' --with-bugurl=file:///usr/share/doc/gcc-7/README.Bugs --enable-languages=c,ada,c++,go,brig,d,fortran,objc,obj-c++ --prefix=/usr --with-gcc-major-version-only --program-suffix=-7 --program-prefix=x86_64-linux-gnu- --enable-shared --enable-linker-build-id --libexecdir=/usr/lib --without-included-gettext --enable-threads=posix --libdir=/usr/lib --enable-nls --enable-bootstrap --enable-clocale=gnu --enable-libstdcxx-debug --enable-libstdcxx-time=yes --with-default-libstdcxx-abi=new --enable-gnu-unique-object --disable-vtable-verify --enable-libmpx --enable-plugin --enable-default-pie --with-system-zlib --with-target-system-zlib --enable-objc-gc=auto --enable-multiarch --disable-werror --with-arch-32=i686 --with-abi=m64 --with-multilib-list=m32,m64,mx32 --enable-multilib --with-tune=generic --enable-offload-targets=nvptx-none --without-cuda-driver --enable-checking=release --build=x86_64-linux-gnu --host=x86_64-linux-gnu --target=x86_64-linux-gnu
Thread model: posix
gcc version 7.5.0 (Ubuntu 7.5.0-6ubuntu2) 
COLLECT_GCC_OPTIONS='-v' '-o' 'CMakeFiles/cmTC_623b8.dir/CMakeCXXCompilerABI.cpp.o' '-c' '-shared-libgcc' '-mtune=generic' '-march=x86-64'
 /usr/lib/gcc/x86_64-linux-gnu/7/cc1plus -quiet -v -imultiarch x86_64-linux-gnu -D_GNU_SOURCE /home/robinhan/miniconda3/share/cmake-3.19/Modules/CMakeCXXCompilerABI.cpp -quiet -dumpbase CMakeCXXCompilerABI.cpp -mtune=generic -march=x86-64 -auxbase-strip CMakeFiles/cmTC_623b8.dir/CMakeCXXCompilerABI.cpp.o -version -fstack-protector-strong -Wformat -Wformat-security -o /tmp/ccxPQzTu.s
GNU C++14 (Ubuntu 7.5.0-6ubuntu2) version 7.5.0 (x86_64-linux-gnu)
	compiled by GNU C version 7.5.0, GMP version 6.2.0, MPFR version 4.0.2, MPC version 1.1.0, isl version isl-0.22.1-GMP

GGC heuristics: --param ggc-min-expand=100 --param ggc-min-heapsize=131072
ignoring duplicate directory "/usr/include/x86_64-linux-gnu/c++/7"
ignoring nonexistent directory "/usr/local/include/x86_64-linux-gnu"
ignoring nonexistent directory "/usr/lib/gcc/x86_64-linux-gnu/7/include-fixed"
ignoring nonexistent directory "/usr/lib/gcc/x86_64-linux-gnu/7/../../../../x86_64-linux-gnu/include"
ignoring duplicate directory "/opt/intel/oneapi/ipp/2021.5.2/include"
#include "..." search starts here:
#include <...> search starts here:
 /opt/intel/oneapi/vpl/2022.0.0/include
 /opt/intel/oneapi/tbb/2021.5.1/env/../include
 /opt/intel/oneapi/mpi/2021.5.1//include
 /opt/intel/oneapi/mkl/2022.0.2/include
 /opt/intel/oneapi/ipp/2021.5.2/include
 /opt/intel/oneapi/ippcp/2021.5.1/include
 /opt/intel/oneapi/dpl/2021.6.0/linux/include
 /opt/intel/oneapi/dpcpp-ct/2022.0.0/include
 /opt/intel/oneapi/dnnl/2022.0.2/cpu_dpcpp_gpu_dpcpp/lib
 /opt/intel/oneapi/dev-utilities/2021.5.2/include
 /opt/intel/oneapi/dal/2021.5.3/include
 /opt/intel/oneapi/ccl/2021.5.1/include/cpu_gpu_dpcpp
 /usr/include/c++/7
 /usr/include/x86_64-linux-gnu/c++/7
 /usr/include/c++/7/backward
 /usr/lib/gcc/x86_64-linux-gnu/7/include
 /usr/local/include
 /usr/include/x86_64-linux-gnu
 /usr/include
End of search list.
GNU C++14 (Ubuntu 7.5.0-6ubuntu2) version 7.5.0 (x86_64-linux-gnu)
	compiled by GNU C version 7.5.0, GMP version 6.2.0, MPFR version 4.0.2, MPC version 1.1.0, isl version isl-0.22.1-GMP

GGC heuristics: --param ggc-min-expand=100 --param ggc-min-heapsize=131072
Compiler executable checksum: 7ae1d509dd7f85612b2d6bc18654d3f5
COLLECT_GCC_OPTIONS='-v' '-o' 'CMakeFiles/cmTC_623b8.dir/CMakeCXXCompilerABI.cpp.o' '-c' '-shared-libgcc' '-mtune=generic' '-march=x86-64'
 as -v --64 -o CMakeFiles/cmTC_623b8.dir/CMakeCXXCompilerABI.cpp.o /tmp/ccxPQzTu.s
GNU assembler version 2.34 (x86_64-linux-gnu) using BFD version (GNU Binutils for Ubuntu) 2.34
COMPILER_PATH=/usr/lib/gcc/x86_64-linux-gnu/7/:/usr/lib/gcc/x86_64-linux-gnu/7/:/usr/lib/gcc/x86_64-linux-gnu/:/usr/lib/gcc/x86_64-linux-gnu/7/:/usr/lib/gcc/x86_64-linux-gnu/
LIBRARY_PATH=/opt/intel/oneapi/vpl/2022.0.0/lib/../lib/:/opt/intel/oneapi/mpi/2021.5.1//libfabric/lib/../lib/:/opt/intel/oneapi/mpi/2021.5.1//lib/../lib/:/opt/intel/oneapi/dnnl/2022.0.2/cpu_dpcpp_gpu_dpcpp/lib/../lib/:/opt/intel/oneapi/compiler/2022.0.2/linux/lib/../lib/:/usr/lib/gcc/x86_64-linux-gnu/7/:/usr/lib/gcc/x86_64-linux-gnu/7/../../../x86_64-linux-gnu/:/usr/lib/gcc/x86_64-linux-gnu/7/../../../../lib/:/lib/x86_64-linux-gnu/:/lib/../lib/:/usr/lib/x86_64-linux-gnu/:/usr/lib/../lib/:/opt/intel/oneapi/vpl/2022.0.0/lib/:/opt/intel/oneapi/tbb/2021.5.1/env/../lib/intel64/gcc4.8/:/opt/intel/oneapi/mpi/2021.5.1//libfabric/lib/:/opt/intel/oneapi/mpi/2021.5.1//lib/release/:/opt/intel/oneapi/mpi/2021.5.1//lib/:/opt/intel/oneapi/mkl/2022.0.2/lib/intel64/:/opt/intel/oneapi/ipp/2021.5.2/lib/intel64/:/opt/intel/oneapi/ippcp/2021.5.1/lib/intel64/:/opt/intel/oneapi/ipp/2021.5.2/lib/intel64/:/opt/intel/oneapi/dnnl/2022.0.2/cpu_dpcpp_gpu_dpcpp/lib/:/opt/intel/oneapi/dal/2021.5.3/lib/intel64/:/opt/intel/oneapi/compiler/2022.0.2/linux/compiler/lib/intel64_lin/:/opt/intel/oneapi/compiler/2022.0.2/linux/lib/:/opt/intel/oneapi/ccl/2021.5.1/lib/cpu_gpu_dpcpp/:/usr/lib/gcc/x86_64-linux-gnu/7/../../../:/lib/:/usr/lib/
COLLECT_GCC_OPTIONS='-v' '-o' 'CMakeFiles/cmTC_623b8.dir/CMakeCXXCompilerABI.cpp.o' '-c' '-shared-libgcc' '-mtune=generic' '-march=x86-64'
Linking CXX executable cmTC_623b8
/home/robinhan/miniconda3/bin/cmake -E cmake_link_script CMakeFiles/cmTC_623b8.dir/link.txt --verbose=1
/usr/bin/c++  -v -rdynamic CMakeFiles/cmTC_623b8.dir/CMakeCXXCompilerABI.cpp.o -o cmTC_623b8 
Using built-in specs.
COLLECT_GCC=/usr/bin/c++
COLLECT_LTO_WRAPPER=/usr/lib/gcc/x86_64-linux-gnu/7/lto-wrapper
OFFLOAD_TARGET_NAMES=nvptx-none
OFFLOAD_TARGET_DEFAULT=1
Target: x86_64-linux-gnu
Configured with: ../src/configure -v --with-pkgversion='Ubuntu 7.5.0-6ubuntu2' --with-bugurl=file:///usr/share/doc/gcc-7/README.Bugs --enable-languages=c,ada,c++,go,brig,d,fortran,objc,obj-c++ --prefix=/usr --with-gcc-major-version-only --program-suffix=-7 --program-prefix=x86_64-linux-gnu- --enable-shared --enable-linker-build-id --libexecdir=/usr/lib --without-included-gettext --enable-threads=posix --libdir=/usr/lib --enable-nls --enable-bootstrap --enable-clocale=gnu --enable-libstdcxx-debug --enable-libstdcxx-time=yes --with-default-libstdcxx-abi=new --enable-gnu-unique-object --disable-vtable-verify --enable-libmpx --enable-plugin --enable-default-pie --with-system-zlib --with-target-system-zlib --enable-objc-gc=auto --enable-multiarch --disable-werror --with-arch-32=i686 --with-abi=m64 --with-multilib-list=m32,m64,mx32 --enable-multilib --with-tune=generic --enable-offload-targets=nvptx-none --without-cuda-driver --enable-checking=release --build=x86_64-linux-gnu --host=x86_64-linux-gnu --target=x86_64-linux-gnu
Thread model: posix
gcc version 7.5.0 (Ubuntu 7.5.0-6ubuntu2) 
COMPILER_PATH=/usr/lib/gcc/x86_64-linux-gnu/7/:/usr/lib/gcc/x86_64-linux-gnu/7/:/usr/lib/gcc/x86_64-linux-gnu/:/usr/lib/gcc/x86_64-linux-gnu/7/:/usr/lib/gcc/x86_64-linux-gnu/
LIBRARY_PATH=/opt/intel/oneapi/vpl/2022.0.0/lib/../lib/:/opt/intel/oneapi/mpi/2021.5.1//libfabric/lib/../lib/:/opt/intel/oneapi/mpi/2021.5.1//lib/../lib/:/opt/intel/oneapi/dnnl/2022.0.2/cpu_dpcpp_gpu_dpcpp/lib/../lib/:/opt/intel/oneapi/compiler/2022.0.2/linux/lib/../lib/:/usr/lib/gcc/x86_64-linux-gnu/7/:/usr/lib/gcc/x86_64-linux-gnu/7/../../../x86_64-linux-gnu/:/usr/lib/gcc/x86_64-linux-gnu/7/../../../../lib/:/lib/x86_64-linux-gnu/:/lib/../lib/:/usr/lib/x86_64-linux-gnu/:/usr/lib/../lib/:/opt/intel/oneapi/vpl/2022.0.0/lib/:/opt/intel/oneapi/tbb/2021.5.1/env/../lib/intel64/gcc4.8/:/opt/intel/oneapi/mpi/2021.5.1//libfabric/lib/:/opt/intel/oneapi/mpi/2021.5.1//lib/release/:/opt/intel/oneapi/mpi/2021.5.1//lib/:/opt/intel/oneapi/mkl/2022.0.2/lib/intel64/:/opt/intel/oneapi/ipp/2021.5.2/lib/intel64/:/opt/intel/oneapi/ippcp/2021.5.1/lib/intel64/:/opt/intel/oneapi/ipp/2021.5.2/lib/intel64/:/opt/intel/oneapi/dnnl/2022.0.2/cpu_dpcpp_gpu_dpcpp/lib/:/opt/intel/oneapi/dal/2021.5.3/lib/intel64/:/opt/intel/oneapi/compiler/2022.0.2/linux/compiler/lib/intel64_lin/:/opt/intel/oneapi/compiler/2022.0.2/linux/lib/:/opt/intel/oneapi/ccl/2021.5.1/lib/cpu_gpu_dpcpp/:/usr/lib/gcc/x86_64-linux-gnu/7/../../../:/lib/:/usr/lib/
COLLECT_GCC_OPTIONS='-v' '-rdynamic' '-o' 'cmTC_623b8' '-shared-libgcc' '-mtune=generic' '-march=x86-64'
 /usr/lib/gcc/x86_64-linux-gnu/7/collect2 -plugin /usr/lib/gcc/x86_64-linux-gnu/7/liblto_plugin.so -plugin-opt=/usr/lib/gcc/x86_64-linux-gnu/7/lto-wrapper -plugin-opt=-fresolution=/tmp/ccRs59c1.res -plugin-opt=-pass-through=-lgcc_s -plugin-opt=-pass-through=-lgcc -plugin-opt=-pass-through=-lc -plugin-opt=-pass-through=-lgcc_s -plugin-opt=-pass-through=-lgcc --build-id --eh-frame-hdr -m elf_x86_64 --hash-style=gnu --as-needed -export-dynamic -dynamic-linker /lib64/ld-linux-x86-64.so.2 -pie -z now -z relro -o cmTC_623b8 /usr/lib/gcc/x86_64-linux-gnu/7/../../../x86_64-linux-gnu/Scrt1.o /usr/lib/gcc/x86_64-linux-gnu/7/../../../x86_64-linux-gnu/crti.o /usr/lib/gcc/x86_64-linux-gnu/7/crtbeginS.o -L/opt/intel/oneapi/vpl/2022.0.0/lib/../lib -L/opt/intel/oneapi/mpi/2021.5.1//libfabric/lib/../lib -L/opt/intel/oneapi/mpi/2021.5.1//lib/../lib -L/opt/intel/oneapi/dnnl/2022.0.2/cpu_dpcpp_gpu_dpcpp/lib/../lib -L/opt/intel/oneapi/compiler/2022.0.2/linux/lib/../lib -L/usr/lib/gcc/x86_64-linux-gnu/7 -L/usr/lib/gcc/x86_64-linux-gnu/7/../../../x86_64-linux-gnu -L/usr/lib/gcc/x86_64-linux-gnu/7/../../../../lib -L/lib/x86_64-linux-gnu -L/lib/../lib -L/usr/lib/x86_64-linux-gnu -L/usr/lib/../lib -L/opt/intel/oneapi/vpl/2022.0.0/lib -L/opt/intel/oneapi/tbb/2021.5.1/env/../lib/intel64/gcc4.8 -L/opt/intel/oneapi/mpi/2021.5.1//libfabric/lib -L/opt/intel/oneapi/mpi/2021.5.1//lib/release -L/opt/intel/oneapi/mpi/2021.5.1//lib -L/opt/intel/oneapi/mkl/2022.0.2/lib/intel64 -L/opt/intel/oneapi/ipp/2021.5.2/lib/intel64 -L/opt/intel/oneapi/ippcp/2021.5.1/lib/intel64 -L/opt/intel/oneapi/ipp/2021.5.2/lib/intel64 -L/opt/intel/oneapi/dnnl/2022.0.2/cpu_dpcpp_gpu_dpcpp/lib -L/opt/intel/oneapi/dal/2021.5.3/lib/intel64 -L/opt/intel/oneapi/compiler/2022.0.2/linux/compiler/lib/intel64_lin -L/opt/intel/oneapi/compiler/2022.0.2/linux/lib -L/opt/intel/oneapi/ccl/2021.5.1/lib/cpu_gpu_dpcpp -L/usr/lib/gcc/x86_64-linux-gnu/7/../../.. CMakeFiles/cmTC_623b8.dir/CMakeCXXCompilerABI.cpp.o -lstdc++ -lm -lgcc_s -lgcc -lc -lgcc_s -lgcc /usr/lib/gcc/x86_64-linux-gnu/7/crtendS.o /usr/lib/gcc/x86_64-linux-gnu/7/../../../x86_64-linux-gnu/crtn.o
COLLECT_GCC_OPTIONS='-v' '-rdynamic' '-o' 'cmTC_623b8' '-shared-libgcc' '-mtune=generic' '-march=x86-64'
make[1]: Leaving directory '/home/robinhan/repo/Hetero-Mark-dpct-dpcpp/src/common/build/CMakeFiles/CMakeTmp'



Parsed CXX implicit include dir info from above output: rv=done
  found start of include info
  found start of implicit include info
    add: [/opt/intel/oneapi/vpl/2022.0.0/include]
    add: [/opt/intel/oneapi/tbb/2021.5.1/env/../include]
    add: [/opt/intel/oneapi/mpi/2021.5.1//include]
    add: [/opt/intel/oneapi/mkl/2022.0.2/include]
    add: [/opt/intel/oneapi/ipp/2021.5.2/include]
    add: [/opt/intel/oneapi/ippcp/2021.5.1/include]
    add: [/opt/intel/oneapi/dpl/2021.6.0/linux/include]
    add: [/opt/intel/oneapi/dpcpp-ct/2022.0.0/include]
    add: [/opt/intel/oneapi/dnnl/2022.0.2/cpu_dpcpp_gpu_dpcpp/lib]
    add: [/opt/intel/oneapi/dev-utilities/2021.5.2/include]
    add: [/opt/intel/oneapi/dal/2021.5.3/include]
    add: [/opt/intel/oneapi/ccl/2021.5.1/include/cpu_gpu_dpcpp]
    add: [/usr/include/c++/7]
    add: [/usr/include/x86_64-linux-gnu/c++/7]
    add: [/usr/include/c++/7/backward]
    add: [/usr/lib/gcc/x86_64-linux-gnu/7/include]
    add: [/usr/local/include]
    add: [/usr/include/x86_64-linux-gnu]
    add: [/usr/include]
  end of search list found
  collapse include dir [/opt/intel/oneapi/vpl/2022.0.0/include] ==> [/opt/intel/oneapi/vpl/2022.0.0/include]
  collapse include dir [/opt/intel/oneapi/tbb/2021.5.1/env/../include] ==> [/opt/intel/oneapi/tbb/2021.5.1/include]
  collapse include dir [/opt/intel/oneapi/mpi/2021.5.1//include] ==> [/opt/intel/oneapi/mpi/2021.5.1/include]
  collapse include dir [/opt/intel/oneapi/mkl/2022.0.2/include] ==> [/opt/intel/oneapi/mkl/2022.0.2/include]
  collapse include dir [/opt/intel/oneapi/ipp/2021.5.2/include] ==> [/opt/intel/oneapi/ipp/2021.5.2/include]
  collapse include dir [/opt/intel/oneapi/ippcp/2021.5.1/include] ==> [/opt/intel/oneapi/ippcp/2021.5.1/include]
  collapse include dir [/opt/intel/oneapi/dpl/2021.6.0/linux/include] ==> [/opt/intel/oneapi/dpl/2021.6.0/linux/include]
  collapse include dir [/opt/intel/oneapi/dpcpp-ct/2022.0.0/include] ==> [/opt/intel/oneapi/dpcpp-ct/2022.0.0/include]
  collapse include dir [/opt/intel/oneapi/dnnl/2022.0.2/cpu_dpcpp_gpu_dpcpp/lib] ==> [/opt/intel/oneapi/dnnl/2022.0.2/cpu_dpcpp_gpu_dpcpp/lib]
  collapse include dir [/opt/intel/oneapi/dev-utilities/2021.5.2/include] ==> [/opt/intel/oneapi/dev-utilities/2021.5.2/include]
  collapse include dir [/opt/intel/oneapi/dal/2021.5.3/include] ==> [/opt/intel/oneapi/dal/2021.5.3/include]
  collapse include dir [/opt/intel/oneapi/ccl/2021.5.1/include/cpu_gpu_dpcpp] ==> [/opt/intel/oneapi/ccl/2021.5.1/include/cpu_gpu_dpcpp]
  collapse include dir [/usr/include/c++/7] ==> [/usr/include/c++/7]
  collapse include dir [/usr/include/x86_64-linux-gnu/c++/7] ==> [/usr/include/x86_64-linux-gnu/c++/7]
  collapse include dir [/usr/include/c++/7/backward] ==> [/usr/include/c++/7/backward]
  collapse include dir [/usr/lib/gcc/x86_64-linux-gnu/7/include] ==> [/usr/lib/gcc/x86_64-linux-gnu/7/include]
  collapse include dir [/usr/local/include] ==> [/usr/local/include]
  collapse include dir [/usr/include/x86_64-linux-gnu] ==> [/usr/include/x86_64-linux-gnu]
  collapse include dir [/usr/include] ==> [/usr/include]
  implicit include dirs: [/opt/intel/oneapi/vpl/2022.0.0/include;/opt/intel/oneapi/tbb/2021.5.1/include;/opt/intel/oneapi/mpi/2021.5.1/include;/opt/intel/oneapi/mkl/2022.0.2/include;/opt/intel/oneapi/ipp/2021.5.2/include;/opt/intel/oneapi/ippcp/2021.5.1/include;/opt/intel/oneapi/dpl/2021.6.0/linux/include;/opt/intel/oneapi/dpcpp-ct/2022.0.0/include;/opt/intel/oneapi/dnnl/2022.0.2/cpu_dpcpp_gpu_dpcpp/lib;/opt/intel/oneapi/dev-utilities/2021.5.2/include;/opt/intel/oneapi/dal/2021.5.3/include;/opt/intel/oneapi/ccl/2021.5.1/include/cpu_gpu_dpcpp;/usr/include/c++/7;/usr/include/x86_64-linux-gnu/c++/7;/usr/include/c++/7/backward;/usr/lib/gcc/x86_64-linux-gnu/7/include;/usr/local/include;/usr/include/x86_64-linux-gnu;/usr/include]


Parsed CXX implicit link information from above output:
  link line regex: [^( *|.*[/\])(ld|CMAKE_LINK_STARTFILE-NOTFOUND|([^/\]+-)?ld|collect2)[^/\]*( |$)]
  ignore line: [Change Dir: /home/robinhan/repo/Hetero-Mark-dpct-dpcpp/src/common/build/CMakeFiles/CMakeTmp]
  ignore line: []
  ignore line: [Run Build Command(s):/usr/bin/make cmTC_623b8/fast && /usr/bin/make  -f CMakeFiles/cmTC_623b8.dir/build.make CMakeFiles/cmTC_623b8.dir/build]
  ignore line: [make[1]: Entering directory '/home/robinhan/repo/Hetero-Mark-dpct-dpcpp/src/common/build/CMakeFiles/CMakeTmp']
  ignore line: [Building CXX object CMakeFiles/cmTC_623b8.dir/CMakeCXXCompilerABI.cpp.o]
  ignore line: [/usr/bin/c++   -v -o CMakeFiles/cmTC_623b8.dir/CMakeCXXCompilerABI.cpp.o -c /home/robinhan/miniconda3/share/cmake-3.19/Modules/CMakeCXXCompilerABI.cpp]
  ignore line: [Using built-in specs.]
  ignore line: [COLLECT_GCC=/usr/bin/c++]
  ignore line: [OFFLOAD_TARGET_NAMES=nvptx-none]
  ignore line: [OFFLOAD_TARGET_DEFAULT=1]
  ignore line: [Target: x86_64-linux-gnu]
  ignore line: [Configured with: ../src/configure -v --with-pkgversion='Ubuntu 7.5.0-6ubuntu2' --with-bugurl=file:///usr/share/doc/gcc-7/README.Bugs --enable-languages=c ada c++ go brig d fortran objc obj-c++ --prefix=/usr --with-gcc-major-version-only --program-suffix=-7 --program-prefix=x86_64-linux-gnu- --enable-shared --enable-linker-build-id --libexecdir=/usr/lib --without-included-gettext --enable-threads=posix --libdir=/usr/lib --enable-nls --enable-bootstrap --enable-clocale=gnu --enable-libstdcxx-debug --enable-libstdcxx-time=yes --with-default-libstdcxx-abi=new --enable-gnu-unique-object --disable-vtable-verify --enable-libmpx --enable-plugin --enable-default-pie --with-system-zlib --with-target-system-zlib --enable-objc-gc=auto --enable-multiarch --disable-werror --with-arch-32=i686 --with-abi=m64 --with-multilib-list=m32 m64 mx32 --enable-multilib --with-tune=generic --enable-offload-targets=nvptx-none --without-cuda-driver --enable-checking=release --build=x86_64-linux-gnu --host=x86_64-linux-gnu --target=x86_64-linux-gnu]
  ignore line: [Thread model: posix]
  ignore line: [gcc version 7.5.0 (Ubuntu 7.5.0-6ubuntu2) ]
  ignore line: [COLLECT_GCC_OPTIONS='-v' '-o' 'CMakeFiles/cmTC_623b8.dir/CMakeCXXCompilerABI.cpp.o' '-c' '-shared-libgcc' '-mtune=generic' '-march=x86-64']
  ignore line: [ /usr/lib/gcc/x86_64-linux-gnu/7/cc1plus -quiet -v -imultiarch x86_64-linux-gnu -D_GNU_SOURCE /home/robinhan/miniconda3/share/cmake-3.19/Modules/CMakeCXXCompilerABI.cpp -quiet -dumpbase CMakeCXXCompilerABI.cpp -mtune=generic -march=x86-64 -auxbase-strip CMakeFiles/cmTC_623b8.dir/CMakeCXXCompilerABI.cpp.o -version -fstack-protector-strong -Wformat -Wformat-security -o /tmp/ccxPQzTu.s]
  ignore line: [GNU C++14 (Ubuntu 7.5.0-6ubuntu2) version 7.5.0 (x86_64-linux-gnu)]
  ignore line: [	compiled by GNU C version 7.5.0  GMP version 6.2.0  MPFR version 4.0.2  MPC version 1.1.0  isl version isl-0.22.1-GMP]
  ignore line: []
  ignore line: [GGC heuristics: --param ggc-min-expand=100 --param ggc-min-heapsize=131072]
  ignore line: [ignoring duplicate directory "/usr/include/x86_64-linux-gnu/c++/7"]
  ignore line: [ignoring nonexistent directory "/usr/local/include/x86_64-linux-gnu"]
  ignore line: [ignoring nonexistent directory "/usr/lib/gcc/x86_64-linux-gnu/7/include-fixed"]
  ignore line: [ignoring nonexistent directory "/usr/lib/gcc/x86_64-linux-gnu/7/../../../../x86_64-linux-gnu/include"]
  ignore line: [ignoring duplicate directory "/opt/intel/oneapi/ipp/2021.5.2/include"]
  ignore line: [#include "..." search starts here:]
  ignore line: [#include <...> search starts here:]
  ignore line: [ /opt/intel/oneapi/vpl/2022.0.0/include]
  ignore line: [ /opt/intel/oneapi/tbb/2021.5.1/env/../include]
  ignore line: [ /opt/intel/oneapi/mpi/2021.5.1//include]
  ignore line: [ /opt/intel/oneapi/mkl/2022.0.2/include]
  ignore line: [ /opt/intel/oneapi/ipp/2021.5.2/include]
  ignore line: [ /opt/intel/oneapi/ippcp/2021.5.1/include]
  ignore line: [ /opt/intel/oneapi/dpl/2021.6.0/linux/include]
  ignore line: [ /opt/intel/oneapi/dpcpp-ct/2022.0.0/include]
  ignore line: [ /opt/intel/oneapi/dnnl/2022.0.2/cpu_dpcpp_gpu_dpcpp/lib]
  ignore line: [ /opt/intel/oneapi/dev-utilities/2021.5.2/include]
  ignore line: [ /opt/intel/oneapi/dal/2021.5.3/include]
  ignore line: [ /opt/intel/oneapi/ccl/2021.5.1/include/cpu_gpu_dpcpp]
  ignore line: [ /usr/include/c++/7]
  ignore line: [ /usr/include/x86_64-linux-gnu/c++/7]
  ignore line: [ /usr/include/c++/7/backward]
  ignore line: [ /usr/lib/gcc/x86_64-linux-gnu/7/include]
  ignore line: [ /usr/local/include]
  ignore line: [ /usr/include/x86_64-linux-gnu]
  ignore line: [ /usr/include]
  ignore line: [End of search list.]
  ignore line: [GNU C++14 (Ubuntu 7.5.0-6ubuntu2) version 7.5.0 (x86_64-linux-gnu)]
  ignore line: [	compiled by GNU C version 7.5.0  GMP version 6.2.0  MPFR version 4.0.2  MPC version 1.1.0  isl version isl-0.22.1-GMP]
  ignore line: []
  ignore line: [GGC heuristics: --param ggc-min-expand=100 --param ggc-min-heapsize=131072]
  ignore line: [Compiler executable checksum: 7ae1d509dd7f85612b2d6bc18654d3f5]
  ignore line: [COLLECT_GCC_OPTIONS='-v' '-o' 'CMakeFiles/cmTC_623b8.dir/CMakeCXXCompilerABI.cpp.o' '-c' '-shared-libgcc' '-mtune=generic' '-march=x86-64']
  ignore line: [ as -v --64 -o CMakeFiles/cmTC_623b8.dir/CMakeCXXCompilerABI.cpp.o /tmp/ccxPQzTu.s]
  ignore line: [GNU assembler version 2.34 (x86_64-linux-gnu) using BFD version (GNU Binutils for Ubuntu) 2.34]
  ignore line: [COMPILER_PATH=/usr/lib/gcc/x86_64-linux-gnu/7/:/usr/lib/gcc/x86_64-linux-gnu/7/:/usr/lib/gcc/x86_64-linux-gnu/:/usr/lib/gcc/x86_64-linux-gnu/7/:/usr/lib/gcc/x86_64-linux-gnu/]
  ignore line: [LIBRARY_PATH=/opt/intel/oneapi/vpl/2022.0.0/lib/../lib/:/opt/intel/oneapi/mpi/2021.5.1//libfabric/lib/../lib/:/opt/intel/oneapi/mpi/2021.5.1//lib/../lib/:/opt/intel/oneapi/dnnl/2022.0.2/cpu_dpcpp_gpu_dpcpp/lib/../lib/:/opt/intel/oneapi/compiler/2022.0.2/linux/lib/../lib/:/usr/lib/gcc/x86_64-linux-gnu/7/:/usr/lib/gcc/x86_64-linux-gnu/7/../../../x86_64-linux-gnu/:/usr/lib/gcc/x86_64-linux-gnu/7/../../../../lib/:/lib/x86_64-linux-gnu/:/lib/../lib/:/usr/lib/x86_64-linux-gnu/:/usr/lib/../lib/:/opt/intel/oneapi/vpl/2022.0.0/lib/:/opt/intel/oneapi/tbb/2021.5.1/env/../lib/intel64/gcc4.8/:/opt/intel/oneapi/mpi/2021.5.1//libfabric/lib/:/opt/intel/oneapi/mpi/2021.5.1//lib/release/:/opt/intel/oneapi/mpi/2021.5.1//lib/:/opt/intel/oneapi/mkl/2022.0.2/lib/intel64/:/opt/intel/oneapi/ipp/2021.5.2/lib/intel64/:/opt/intel/oneapi/ippcp/2021.5.1/lib/intel64/:/opt/intel/oneapi/ipp/2021.5.2/lib/intel64/:/opt/intel/oneapi/dnnl/2022.0.2/cpu_dpcpp_gpu_dpcpp/lib/:/opt/intel/oneapi/dal/2021.5.3/lib/intel64/:/opt/intel/oneapi/compiler/2022.0.2/linux/compiler/lib/intel64_lin/:/opt/intel/oneapi/compiler/2022.0.2/linux/lib/:/opt/intel/oneapi/ccl/2021.5.1/lib/cpu_gpu_dpcpp/:/usr/lib/gcc/x86_64-linux-gnu/7/../../../:/lib/:/usr/lib/]
  ignore line: [COLLECT_GCC_OPTIONS='-v' '-o' 'CMakeFiles/cmTC_623b8.dir/CMakeCXXCompilerABI.cpp.o' '-c' '-shared-libgcc' '-mtune=generic' '-march=x86-64']
  ignore line: [Linking CXX executable cmTC_623b8]
  ignore line: [/home/robinhan/miniconda3/bin/cmake -E cmake_link_script CMakeFiles/cmTC_623b8.dir/link.txt --verbose=1]
  ignore line: [/usr/bin/c++  -v -rdynamic CMakeFiles/cmTC_623b8.dir/CMakeCXXCompilerABI.cpp.o -o cmTC_623b8 ]
  ignore line: [Using built-in specs.]
  ignore line: [COLLECT_GCC=/usr/bin/c++]
  ignore line: [COLLECT_LTO_WRAPPER=/usr/lib/gcc/x86_64-linux-gnu/7/lto-wrapper]
  ignore line: [OFFLOAD_TARGET_NAMES=nvptx-none]
  ignore line: [OFFLOAD_TARGET_DEFAULT=1]
  ignore line: [Target: x86_64-linux-gnu]
  ignore line: [Configured with: ../src/configure -v --with-pkgversion='Ubuntu 7.5.0-6ubuntu2' --with-bugurl=file:///usr/share/doc/gcc-7/README.Bugs --enable-languages=c ada c++ go brig d fortran objc obj-c++ --prefix=/usr --with-gcc-major-version-only --program-suffix=-7 --program-prefix=x86_64-linux-gnu- --enable-shared --enable-linker-build-id --libexecdir=/usr/lib --without-included-gettext --enable-threads=posix --libdir=/usr/lib --enable-nls --enable-bootstrap --enable-clocale=gnu --enable-libstdcxx-debug --enable-libstdcxx-time=yes --with-default-libstdcxx-abi=new --enable-gnu-unique-object --disable-vtable-verify --enable-libmpx --enable-plugin --enable-default-pie --with-system-zlib --with-target-system-zlib --enable-objc-gc=auto --enable-multiarch --disable-werror --with-arch-32=i686 --with-abi=m64 --with-multilib-list=m32 m64 mx32 --enable-multilib --with-tune=generic --enable-offload-targets=nvptx-none --without-cuda-driver --enable-checking=release --build=x86_64-linux-gnu --host=x86_64-linux-gnu --target=x86_64-linux-gnu]
  ignore line: [Thread model: posix]
  ignore line: [gcc version 7.5.0 (Ubuntu 7.5.0-6ubuntu2) ]
  ignore line: [COMPILER_PATH=/usr/lib/gcc/x86_64-linux-gnu/7/:/usr/lib/gcc/x86_64-linux-gnu/7/:/usr/lib/gcc/x86_64-linux-gnu/:/usr/lib/gcc/x86_64-linux-gnu/7/:/usr/lib/gcc/x86_64-linux-gnu/]
  ignore line: [LIBRARY_PATH=/opt/intel/oneapi/vpl/2022.0.0/lib/../lib/:/opt/intel/oneapi/mpi/2021.5.1//libfabric/lib/../lib/:/opt/intel/oneapi/mpi/2021.5.1//lib/../lib/:/opt/intel/oneapi/dnnl/2022.0.2/cpu_dpcpp_gpu_dpcpp/lib/../lib/:/opt/intel/oneapi/compiler/2022.0.2/linux/lib/../lib/:/usr/lib/gcc/x86_64-linux-gnu/7/:/usr/lib/gcc/x86_64-linux-gnu/7/../../../x86_64-linux-gnu/:/usr/lib/gcc/x86_64-linux-gnu/7/../../../../lib/:/lib/x86_64-linux-gnu/:/lib/../lib/:/usr/lib/x86_64-linux-gnu/:/usr/lib/../lib/:/opt/intel/oneapi/vpl/2022.0.0/lib/:/opt/intel/oneapi/tbb/2021.5.1/env/../lib/intel64/gcc4.8/:/opt/intel/oneapi/mpi/2021.5.1//libfabric/lib/:/opt/intel/oneapi/mpi/2021.5.1//lib/release/:/opt/intel/oneapi/mpi/2021.5.1//lib/:/opt/intel/oneapi/mkl/2022.0.2/lib/intel64/:/opt/intel/oneapi/ipp/2021.5.2/lib/intel64/:/opt/intel/oneapi/ippcp/2021.5.1/lib/intel64/:/opt/intel/oneapi/ipp/2021.5.2/lib/intel64/:/opt/intel/oneapi/dnnl/2022.0.2/cpu_dpcpp_gpu_dpcpp/lib/:/opt/intel/oneapi/dal/2021.5.3/lib/intel64/:/opt/intel/oneapi/compiler/2022.0.2/linux/compiler/lib/intel64_lin/:/opt/intel/oneapi/compiler/2022.0.2/linux/lib/:/opt/intel/oneapi/ccl/2021.5.1/lib/cpu_gpu_dpcpp/:/usr/lib/gcc/x86_64-linux-gnu/7/../../../:/lib/:/usr/lib/]
  ignore line: [COLLECT_GCC_OPTIONS='-v' '-rdynamic' '-o' 'cmTC_623b8' '-shared-libgcc' '-mtune=generic' '-march=x86-64']
  link line: [ /usr/lib/gcc/x86_64-linux-gnu/7/collect2 -plugin /usr/lib/gcc/x86_64-linux-gnu/7/liblto_plugin.so -plugin-opt=/usr/lib/gcc/x86_64-linux-gnu/7/lto-wrapper -plugin-opt=-fresolution=/tmp/ccRs59c1.res -plugin-opt=-pass-through=-lgcc_s -plugin-opt=-pass-through=-lgcc -plugin-opt=-pass-through=-lc -plugin-opt=-pass-through=-lgcc_s -plugin-opt=-pass-through=-lgcc --build-id --eh-frame-hdr -m elf_x86_64 --hash-style=gnu --as-needed -export-dynamic -dynamic-linker /lib64/ld-linux-x86-64.so.2 -pie -z now -z relro -o cmTC_623b8 /usr/lib/gcc/x86_64-linux-gnu/7/../../../x86_64-linux-gnu/Scrt1.o /usr/lib/gcc/x86_64-linux-gnu/7/../../../x86_64-linux-gnu/crti.o /usr/lib/gcc/x86_64-linux-gnu/7/crtbeginS.o -L/opt/intel/oneapi/vpl/2022.0.0/lib/../lib -L/opt/intel/oneapi/mpi/2021.5.1//libfabric/lib/../lib -L/opt/intel/oneapi/mpi/2021.5.1//lib/../lib -L/opt/intel/oneapi/dnnl/2022.0.2/cpu_dpcpp_gpu_dpcpp/lib/../lib -L/opt/intel/oneapi/compiler/2022.0.2/linux/lib/../lib -L/usr/lib/gcc/x86_64-linux-gnu/7 -L/usr/lib/gcc/x86_64-linux-gnu/7/../../../x86_64-linux-gnu -L/usr/lib/gcc/x86_64-linux-gnu/7/../../../../lib -L/lib/x86_64-linux-gnu -L/lib/../lib -L/usr/lib/x86_64-linux-gnu -L/usr/lib/../lib -L/opt/intel/oneapi/vpl/2022.0.0/lib -L/opt/intel/oneapi/tbb/2021.5.1/env/../lib/intel64/gcc4.8 -L/opt/intel/oneapi/mpi/2021.5.1//libfabric/lib -L/opt/intel/oneapi/mpi/2021.5.1//lib/release -L/opt/intel/oneapi/mpi/2021.5.1//lib -L/opt/intel/oneapi/mkl/2022.0.2/lib/intel64 -L/opt/intel/oneapi/ipp/2021.5.2/lib/intel64 -L/opt/intel/oneapi/ippcp/2021.5.1/lib/intel64 -L/opt/intel/oneapi/ipp/2021.5.2/lib/intel64 -L/opt/intel/oneapi/dnnl/2022.0.2/cpu_dpcpp_gpu_dpcpp/lib -L/opt/intel/oneapi/dal/2021.5.3/lib/intel64 -L/opt/intel/oneapi/compiler/2022.0.2/linux/compiler/lib/intel64_lin -L/opt/intel/oneapi/compiler/2022.0.2/linux/lib -L/opt/intel/oneapi/ccl/2021.5.1/lib/cpu_gpu_dpcpp -L/usr/lib/gcc/x86_64-linux-gnu/7/../../.. CMakeFiles/cmTC_623b8.dir/CMakeCXXCompilerABI.cpp.o -lstdc++ -lm -lgcc_s -lgcc -lc -lgcc_s -lgcc /usr/lib/gcc/x86_64-linux-gnu/7/crtendS.o /usr/lib/gcc/x86_64-linux-gnu/7/../../../x86_64-linux-gnu/crtn.o]
    arg [/usr/lib/gcc/x86_64-linux-gnu/7/collect2] ==> ignore
    arg [-plugin] ==> ignore
    arg [/usr/lib/gcc/x86_64-linux-gnu/7/liblto_plugin.so] ==> ignore
    arg [-plugin-opt=/usr/lib/gcc/x86_64-linux-gnu/7/lto-wrapper] ==> ignore
    arg [-plugin-opt=-fresolution=/tmp/ccRs59c1.res] ==> ignore
    arg [-plugin-opt=-pass-through=-lgcc_s] ==> ignore
    arg [-plugin-opt=-pass-through=-lgcc] ==> ignore
    arg [-plugin-opt=-pass-through=-lc] ==> ignore
    arg [-plugin-opt=-pass-through=-lgcc_s] ==> ignore
    arg [-plugin-opt=-pass-through=-lgcc] ==> ignore
    arg [--build-id] ==> ignore
    arg [--eh-frame-hdr] ==> ignore
    arg [-m] ==> ignore
    arg [elf_x86_64] ==> ignore
    arg [--hash-style=gnu] ==> ignore
    arg [--as-needed] ==> ignore
    arg [-export-dynamic] ==> ignore
    arg [-dynamic-linker] ==> ignore
    arg [/lib64/ld-linux-x86-64.so.2] ==> ignore
    arg [-pie] ==> ignore
    arg [-znow] ==> ignore
    arg [-zrelro] ==> ignore
    arg [-o] ==> ignore
    arg [cmTC_623b8] ==> ignore
    arg [/usr/lib/gcc/x86_64-linux-gnu/7/../../../x86_64-linux-gnu/Scrt1.o] ==> ignore
    arg [/usr/lib/gcc/x86_64-linux-gnu/7/../../../x86_64-linux-gnu/crti.o] ==> ignore
    arg [/usr/lib/gcc/x86_64-linux-gnu/7/crtbeginS.o] ==> ignore
    arg [-L/opt/intel/oneapi/vpl/2022.0.0/lib/../lib] ==> dir [/opt/intel/oneapi/vpl/2022.0.0/lib/../lib]
    arg [-L/opt/intel/oneapi/mpi/2021.5.1//libfabric/lib/../lib] ==> dir [/opt/intel/oneapi/mpi/2021.5.1//libfabric/lib/../lib]
    arg [-L/opt/intel/oneapi/mpi/2021.5.1//lib/../lib] ==> dir [/opt/intel/oneapi/mpi/2021.5.1//lib/../lib]
    arg [-L/opt/intel/oneapi/dnnl/2022.0.2/cpu_dpcpp_gpu_dpcpp/lib/../lib] ==> dir [/opt/intel/oneapi/dnnl/2022.0.2/cpu_dpcpp_gpu_dpcpp/lib/../lib]
    arg [-L/opt/intel/oneapi/compiler/2022.0.2/linux/lib/../lib] ==> dir [/opt/intel/oneapi/compiler/2022.0.2/linux/lib/../lib]
    arg [-L/usr/lib/gcc/x86_64-linux-gnu/7] ==> dir [/usr/lib/gcc/x86_64-linux-gnu/7]
    arg [-L/usr/lib/gcc/x86_64-linux-gnu/7/../../../x86_64-linux-gnu] ==> dir [/usr/lib/gcc/x86_64-linux-gnu/7/../../../x86_64-linux-gnu]
    arg [-L/usr/lib/gcc/x86_64-linux-gnu/7/../../../../lib] ==> dir [/usr/lib/gcc/x86_64-linux-gnu/7/../../../../lib]
    arg [-L/lib/x86_64-linux-gnu] ==> dir [/lib/x86_64-linux-gnu]
    arg [-L/lib/../lib] ==> dir [/lib/../lib]
    arg [-L/usr/lib/x86_64-linux-gnu] ==> dir [/usr/lib/x86_64-linux-gnu]
    arg [-L/usr/lib/../lib] ==> dir [/usr/lib/../lib]
    arg [-L/opt/intel/oneapi/vpl/2022.0.0/lib] ==> dir [/opt/intel/oneapi/vpl/2022.0.0/lib]
    arg [-L/opt/intel/oneapi/tbb/2021.5.1/env/../lib/intel64/gcc4.8] ==> dir [/opt/intel/oneapi/tbb/2021.5.1/env/../lib/intel64/gcc4.8]
    arg [-L/opt/intel/oneapi/mpi/2021.5.1//libfabric/lib] ==> dir [/opt/intel/oneapi/mpi/2021.5.1//libfabric/lib]
    arg [-L/opt/intel/oneapi/mpi/2021.5.1//lib/release] ==> dir [/opt/intel/oneapi/mpi/2021.5.1//lib/release]
    arg [-L/opt/intel/oneapi/mpi/2021.5.1//lib] ==> dir [/opt/intel/oneapi/mpi/2021.5.1//lib]
    arg [-L/opt/intel/oneapi/mkl/2022.0.2/lib/intel64] ==> dir [/opt/intel/oneapi/mkl/2022.0.2/lib/intel64]
    arg [-L/opt/intel/oneapi/ipp/2021.5.2/lib/intel64] ==> dir [/opt/intel/oneapi/ipp/2021.5.2/lib/intel64]
    arg [-L/opt/intel/oneapi/ippcp/2021.5.1/lib/intel64] ==> dir [/opt/intel/oneapi/ippcp/2021.5.1/lib/intel64]
    arg [-L/opt/intel/oneapi/ipp/2021.5.2/lib/intel64] ==> dir [/opt/intel/oneapi/ipp/2021.5.2/lib/intel64]
    arg [-L/opt/intel/oneapi/dnnl/2022.0.2/cpu_dpcpp_gpu_dpcpp/lib] ==> dir [/opt/intel/oneapi/dnnl/2022.0.2/cpu_dpcpp_gpu_dpcpp/lib]
    arg [-L/opt/intel/oneapi/dal/2021.5.3/lib/intel64] ==> dir [/opt/intel/oneapi/dal/2021.5.3/lib/intel64]
    arg [-L/opt/intel/oneapi/compiler/2022.0.2/linux/compiler/lib/intel64_lin] ==> dir [/opt/intel/oneapi/compiler/2022.0.2/linux/compiler/lib/intel64_lin]
    arg [-L/opt/intel/oneapi/compiler/2022.0.2/linux/lib] ==> dir [/opt/intel/oneapi/compiler/2022.0.2/linux/lib]
    arg [-L/opt/intel/oneapi/ccl/2021.5.1/lib/cpu_gpu_dpcpp] ==> dir [/opt/intel/oneapi/ccl/2021.5.1/lib/cpu_gpu_dpcpp]
    arg [-L/usr/lib/gcc/x86_64-linux-gnu/7/../../..] ==> dir [/usr/lib/gcc/x86_64-linux-gnu/7/../../..]
    arg [CMakeFiles/cmTC_623b8.dir/CMakeCXXCompilerABI.cpp.o] ==> ignore
    arg [-lstdc++] ==> lib [stdc++]
    arg [-lm] ==> lib [m]
    arg [-lgcc_s] ==> lib [gcc_s]
    arg [-lgcc] ==> lib [gcc]
    arg [-lc] ==> lib [c]
    arg [-lgcc_s] ==> lib [gcc_s]
    arg [-lgcc] ==> lib [gcc]
    arg [/usr/lib/gcc/x86_64-linux-gnu/7/crtendS.o] ==> ignore
    arg [/usr/lib/gcc/x86_64-linux-gnu/7/../../../x86_64-linux-gnu/crtn.o] ==> ignore
  collapse library dir [/opt/intel/oneapi/vpl/2022.0.0/lib/../lib] ==> [/opt/intel/oneapi/vpl/2022.0.0/lib]
  collapse library dir [/opt/intel/oneapi/mpi/2021.5.1//libfabric/lib/../lib] ==> [/opt/intel/oneapi/mpi/2021.5.1/libfabric/lib]
  collapse library dir [/opt/intel/oneapi/mpi/2021.5.1//lib/../lib] ==> [/opt/intel/oneapi/mpi/2021.5.1/lib]
  collapse library dir [/opt/intel/oneapi/dnnl/2022.0.2/cpu_dpcpp_gpu_dpcpp/lib/../lib] ==> [/opt/intel/oneapi/dnnl/2022.0.2/cpu_dpcpp_gpu_dpcpp/lib]
  collapse library dir [/opt/intel/oneapi/compiler/2022.0.2/linux/lib/../lib] ==> [/opt/intel/oneapi/compiler/2022.0.2/linux/lib]
  collapse library dir [/usr/lib/gcc/x86_64-linux-gnu/7] ==> [/usr/lib/gcc/x86_64-linux-gnu/7]
  collapse library dir [/usr/lib/gcc/x86_64-linux-gnu/7/../../../x86_64-linux-gnu] ==> [/usr/lib/x86_64-linux-gnu]
  collapse library dir [/usr/lib/gcc/x86_64-linux-gnu/7/../../../../lib] ==> [/usr/lib]
  collapse library dir [/lib/x86_64-linux-gnu] ==> [/lib/x86_64-linux-gnu]
  collapse library dir [/lib/../lib] ==> [/lib]
  collapse library dir [/usr/lib/x86_64-linux-gnu] ==> [/usr/lib/x86_64-linux-gnu]
  collapse library dir [/usr/lib/../lib] ==> [/usr/lib]
  collapse library dir [/opt/intel/oneapi/vpl/2022.0.0/lib] ==> [/opt/intel/oneapi/vpl/2022.0.0/lib]
  collapse library dir [/opt/intel/oneapi/tbb/2021.5.1/env/../lib/intel64/gcc4.8] ==> [/opt/intel/oneapi/tbb/2021.5.1/lib/intel64/gcc4.8]
  collapse library dir [/opt/intel/oneapi/mpi/2021.5.1//libfabric/lib] ==> [/opt/intel/oneapi/mpi/2021.5.1/libfabric/lib]
  collapse library dir [/opt/intel/oneapi/mpi/2021.5.1//lib/release] ==> [/opt/intel/oneapi/mpi/2021.5.1/lib/release]
  collapse library dir [/opt/intel/oneapi/mpi/2021.5.1//lib] ==> [/opt/intel/oneapi/mpi/2021.5.1/lib]
  collapse library dir [/opt/intel/oneapi/mkl/2022.0.2/lib/intel64] ==> [/opt/intel/oneapi/mkl/2022.0.2/lib/intel64]
  collapse library dir [/opt/intel/oneapi/ipp/2021.5.2/lib/intel64] ==> [/opt/intel/oneapi/ipp/2021.5.2/lib/intel64]
  collapse library dir [/opt/intel/oneapi/ippcp/2021.5.1/lib/intel64] ==> [/opt/intel/oneapi/ippcp/2021.5.1/lib/intel64]
  collapse library dir [/opt/intel/oneapi/ipp/2021.5.2/lib/intel64] ==> [/opt/intel/oneapi/ipp/2021.5.2/lib/intel64]
  collapse library dir [/opt/intel/oneapi/dnnl/2022.0.2/cpu_dpcpp_gpu_dpcpp/lib] ==> [/opt/intel/oneapi/dnnl/2022.0.2/cpu_dpcpp_gpu_dpcpp/lib]
  collapse library dir [/opt/intel/oneapi/dal/2021.5.3/lib/intel64] ==> [/opt/intel/oneapi/dal/2021.5.3/lib/intel64]
  collapse library dir [/opt/intel/oneapi/compiler/2022.0.2/linux/compiler/lib/intel64_lin] ==> [/opt/intel/oneapi/compiler/2022.0.2/linux/compiler/lib/intel64_lin]
  collapse library dir [/opt/intel/oneapi/compiler/2022.0.2/linux/lib] ==> [/opt/intel/oneapi/compiler/2022.0.2/linux/lib]
  collapse library dir [/opt/intel/oneapi/ccl/2021.5.1/lib/cpu_gpu_dpcpp] ==> [/opt/intel/oneapi/ccl/2021.5.1/lib/cpu_gpu_dpcpp]
  collapse library dir [/usr/lib/gcc/x86_64-linux-gnu/7/../../..] ==> [/usr/lib]
  implicit libs: [stdc++;m;gcc_s;gcc;c;gcc_s;gcc]
  implicit dirs: [/opt/intel/oneapi/vpl/2022.0.0/lib;/opt/intel/oneapi/mpi/2021.5.1/libfabric/lib;/opt/intel/oneapi/mpi/2021.5.1/lib;/opt/intel/oneapi/dnnl/2022.0.2/cpu_dpcpp_gpu_dpcpp/lib;/opt/intel/oneapi/compiler/2022.0.2/linux/lib;/usr/lib/gcc/x86_64-linux-gnu/7;/usr/lib/x86_64-linux-gnu;/usr/lib;/lib/x86_64-linux-gnu;/lib;/opt/intel/oneapi/tbb/2021.5.1/lib/intel64/gcc4.8;/opt/intel/oneapi/mpi/2021.5.1/lib/release;/opt/intel/oneapi/mkl/2022.0.2/lib/intel64;/opt/intel/oneapi/ipp/2021.5.2/lib/intel64;/opt/intel/oneapi/ippcp/2021.5.1/lib/intel64;/opt/intel/oneapi/dal/2021.5.3/lib/intel64;/opt/intel/oneapi/compiler/2022.0.2/linux/compiler/lib/intel64_lin;/opt/intel/oneapi/ccl/2021.5.1/lib/cpu_gpu_dpcpp]
  implicit fwks: []


